#
# A fatal error has been detected by the Java Runtime Environment:
#
#  SIGBUS (0xa) at pc=0x000000010cdf1e92, pid=34389, tid=0x0000000000009c03
#
# JRE version: Java(TM) SE Runtime Environment (8.0_141-b15) (build 1.8.0_141-b15)
# Java VM: Java HotSpot(TM) 64-Bit Server VM (25.141-b15 mixed mode bsd-amd64 compressed oops)
# Problematic frame:
# C  [libzip.dylib+0x2e92]  newEntry+0x154
#
# Failed to write core dump. Core dumps have been disabled. To enable core dumping, try "ulimit -c unlimited" before starting Java again
#
# If you would like to submit a bug report, please visit:
#   http://bugreport.java.com/bugreport/crash.jsp
# The crash happened outside the Java Virtual Machine in native code.
# See problematic frame for where to report the bug.
#

---------------  T H R E A D  ---------------

Current thread (0x00007fb72be53000):  JavaThread "Thread-11" [_thread_in_native, id=39939, stack(0x000070000cfed000,0x000070000d0ed000)]

siginfo: si_signo: 10 (SIGBUS), si_code: 2 (BUS_ADRERR), si_addr: 0x00000001242e39fd

Registers:
RAX=0x00007fb729e32460, RBX=0x00000001242e39f1, RCX=0x0000000000000000, RDX=0x0000000000000080
RSP=0x000070000d0ea420, RBP=0x000070000d0ea480, RSI=0x0000000072c1a447, RDI=0x0000000000000a45
R8 =0x0000000072c1a443, R9 =0x00000000ffffff87, R10=0x00007fb72c100000, R11=0x00006ff874eb09ee
R12=0x000000012435d000, R13=0x0000000000018d00, R14=0x000000009ac6435b, R15=0x00007fb72c0db030
RIP=0x000000010cdf1e92, EFLAGS=0x0000000000010202, ERR=0x0000000000000004
  TRAPNO=0x000000000000000e

Top of Stack: (sp=0x000070000d0ea420)
0x000070000d0ea420:   000070000d0eb5c0 000000000d0eb5c4
0x000070000d0ea430:   000070000d0ea450 000000010c26993e
0x000070000d0ea440:   000070000d0ea460 00007fb729e32460
0x000070000d0ea450:   00007fb72c1a4420 00007fb729e32460
0x000070000d0ea460:   000000012435d000 0000000000018d00
0x000070000d0ea470:   000000009ac6435b 00007fb72c0db030
0x000070000d0ea480:   000070000d0ea4e0 000000010cdf252d
0x000070000d0ea490:   000070000d0ea52a 000070000d0ea529
0x000070000d0ea4a0:   0000002a00000000 0000002b01e53000
0x000070000d0ea4b0:   000070000d0ea4fe 000070000d0ea948
0x000070000d0ea4c0:   000000000000002b 000070000d0ea4fe
0x000070000d0ea4d0:   00007fb729e32460 00007fb72be531f8
0x000070000d0ea4e0:   000070000d0ea930 000000010cdf1238
0x000070000d0ea4f0:   00007fb72be53000 726f000100000001
0x000070000d0ea500:   7370696c63652f67 2f797474656a2f65
0x000070000d0ea510:   7475462f6c697475 626c6c6143657275
0x000070000d0ea520:   73616c632e6b6361 000000010dca0073
0x000070000d0ea530:   000000010dca0a40 00007fb72be53000
0x000070000d0ea540:   00007fb72be53000 000070000d0ea578
0x000070000d0ea550:   000070000d0eac58 00007fb729db9568
0x000070000d0ea560:   000070000d0eabd0 000000010c2e792c
0x000070000d0ea570:   000070000d0eb6b0 000070000d0eb6e0
0x000070000d0ea580:   000000010f39236c 000000010f391450
0x000070000d0ea590:   0000700000000000 0000000798239350
0x000070000d0ea5a0:   000070000d0eb6e0 00007fb72be53000
0x000070000d0ea5b0:   000000010ec71380 0000000000000000
0x000070000d0ea5c0:   000070000d0eaa40 000000010ec84718
0x000070000d0ea5d0:   000070000d0ea620 000000010ec1705b
0x000070000d0ea5e0:   000070000e206820 000070000d0eb220
0x000070000d0ea5f0:   000070000d0eb1e8 000070000d0eb258
0x000070000d0ea600:   000070000d0eaa40 0000000000000000
0x000070000d0ea610:   000000010ec84668 0000000000000000 

Instructions: (pc=0x000000010cdf1e92)
0x000000010cdf1e72:   49 8b 7f 38 e8 5b 1b 00 00 4d 89 77 38 49 89 5f
0x000000010cdf1e82:   40 4c 89 f0 48 85 c0 0f 84 11 05 00 00 48 89 c3
0x000000010cdf1e92:   0f b6 43 0c 0f b6 4b 0d 48 c1 e1 08 48 01 c1 0f
0x000000010cdf1ea2:   b6 43 0e 0f b6 53 0f 48 c1 e2 08 48 01 c2 48 c1 

Register to memory mapping:

RAX=0x00007fb729e32460 is an unknown value
RBX=0x00000001242e39f1 is an unknown value
RCX=0x0000000000000000 is an unknown value
RDX=0x0000000000000080 is an unknown value
RSP=0x000070000d0ea420 is pointing into the stack for thread: 0x00007fb72be53000
RBP=0x000070000d0ea480 is pointing into the stack for thread: 0x00007fb72be53000
RSI=0x0000000072c1a447 is an unknown value
RDI=0x0000000000000a45 is an unknown value
R8 =0x0000000072c1a443 is an unknown value
R9 =0x00000000ffffff87 is an unknown value
R10=0x00007fb72c100000 is an unknown value
R11=0x00006ff874eb09ee is an unknown value
R12=0x000000012435d000 is an unknown value
R13=0x0000000000018d00 is an unknown value
R14=0x000000009ac6435b is an unknown value
R15=0x00007fb72c0db030 is an unknown value


Stack: [0x000070000cfed000,0x000070000d0ed000],  sp=0x000070000d0ea420,  free space=1013k
Native frames: (J=compiled Java code, j=interpreted, Vv=VM code, C=native code)
C  [libzip.dylib+0x2e92]  newEntry+0x154
C  [libzip.dylib+0x352d]  ZIP_GetEntry2+0xd4
C  [libzip.dylib+0x2238]  Java_java_util_zip_ZipFile_getEntry+0xcf
J 199  java.util.zip.ZipFile.getEntry(J[BZ)J (0 bytes) @ 0x000000010ee4588e [0x000000010ee457c0+0xce]
J 1720 C2 sun.misc.URLClassPath$JarLoader.getResource(Ljava/lang/String;Z)Lsun/misc/Resource; (85 bytes) @ 0x000000010f214f14 [0x000000010f2149c0+0x554]
J 1264 C2 sun.misc.URLClassPath.getResource(Ljava/lang/String;Z)Lsun/misc/Resource; (83 bytes) @ 0x000000010f0cefac [0x000000010f0cee60+0x14c]
J 2274 C2 java.net.URLClassLoader$1.run()Ljava/lang/Object; (5 bytes) @ 0x000000010f3a5670 [0x000000010f3a5160+0x510]
v  ~StubRoutines::call_stub
V  [libjvm.dylib+0x2ee70a]
V  [libjvm.dylib+0x34ee68]
J 171  java.security.AccessController.doPrivileged(Ljava/security/PrivilegedExceptionAction;Ljava/security/AccessControlContext;)Ljava/lang/Object; (0 bytes) @ 0x000000010ee34995 [0x000000010ee348c0+0xd5]
J 2252 C2 java.net.URLClassLoader.findClass(Ljava/lang/String;)Ljava/lang/Class; (47 bytes) @ 0x000000010f38253c [0x000000010f3824a0+0x9c]
J 2180 C2 java.lang.ClassLoader.loadClass(Ljava/lang/String;Z)Ljava/lang/Class; (122 bytes) @ 0x000000010f39236c [0x000000010f3918a0+0xacc]
J 201 C1 sun.misc.Launcher$AppClassLoader.loadClass(Ljava/lang/String;Z)Ljava/lang/Class; (85 bytes) @ 0x000000010ee469a4 [0x000000010ee46000+0x9a4]
J 200 C1 java.lang.ClassLoader.loadClass(Ljava/lang/String;)Ljava/lang/Class; (7 bytes) @ 0x000000010ee45c44 [0x000000010ee45b40+0x104]
v  ~StubRoutines::call_stub
V  [libjvm.dylib+0x2ee70a]
V  [libjvm.dylib+0x2eeeae]
V  [libjvm.dylib+0x2ef006]
V  [libjvm.dylib+0x53d236]
V  [libjvm.dylib+0x53c9fe]
V  [libjvm.dylib+0x53d452]
V  [libjvm.dylib+0x53db05]
V  [libjvm.dylib+0x1e3306]
V  [libjvm.dylib+0x1f3756]
V  [libjvm.dylib+0x2ea12b]
j  org.eclipse.jetty.server.AbstractConnector.shutdown()Ljava/util/concurrent/Future;+0
j  org.eclipse.jetty.server.AbstractNetworkConnector.shutdown()Ljava/util/concurrent/Future;+5
j  org.eclipse.jetty.server.ServerConnector.shutdown()Ljava/util/concurrent/Future;+1
j  org.eclipse.jetty.server.Server.doStop()V+89
j  org.eclipse.jetty.util.component.AbstractLifeCycle.stop()V+30
j  org.eclipse.jetty.util.thread.ShutdownThread.run()V+41
v  ~StubRoutines::call_stub
V  [libjvm.dylib+0x2ee70a]
V  [libjvm.dylib+0x2eeeae]
V  [libjvm.dylib+0x2ef05a]
V  [libjvm.dylib+0x3497b1]
V  [libjvm.dylib+0x56c0b3]
V  [libjvm.dylib+0x56d7a0]
V  [libjvm.dylib+0x48baee]
C  [libsystem_pthread.dylib+0x32eb]  _pthread_body+0x7e
C  [libsystem_pthread.dylib+0x6249]  _pthread_start+0x42
C  [libsystem_pthread.dylib+0x240d]  thread_start+0xd
C  0x0000000000000000

Java frames: (J=compiled Java code, j=interpreted, Vv=VM code)
J 199  java.util.zip.ZipFile.getEntry(J[BZ)J (0 bytes) @ 0x000000010ee45818 [0x000000010ee457c0+0x58]
J 1720 C2 sun.misc.URLClassPath$JarLoader.getResource(Ljava/lang/String;Z)Lsun/misc/Resource; (85 bytes) @ 0x000000010f214f14 [0x000000010f2149c0+0x554]
J 1264 C2 sun.misc.URLClassPath.getResource(Ljava/lang/String;Z)Lsun/misc/Resource; (83 bytes) @ 0x000000010f0cefac [0x000000010f0cee60+0x14c]
J 2274 C2 java.net.URLClassLoader$1.run()Ljava/lang/Object; (5 bytes) @ 0x000000010f3a5670 [0x000000010f3a5160+0x510]
v  ~StubRoutines::call_stub
J 171  java.security.AccessController.doPrivileged(Ljava/security/PrivilegedExceptionAction;Ljava/security/AccessControlContext;)Ljava/lang/Object; (0 bytes) @ 0x000000010ee34923 [0x000000010ee348c0+0x63]
J 2252 C2 java.net.URLClassLoader.findClass(Ljava/lang/String;)Ljava/lang/Class; (47 bytes) @ 0x000000010f38253c [0x000000010f3824a0+0x9c]
J 2180 C2 java.lang.ClassLoader.loadClass(Ljava/lang/String;Z)Ljava/lang/Class; (122 bytes) @ 0x000000010f39236c [0x000000010f3918a0+0xacc]
J 201 C1 sun.misc.Launcher$AppClassLoader.loadClass(Ljava/lang/String;Z)Ljava/lang/Class; (85 bytes) @ 0x000000010ee469a4 [0x000000010ee46000+0x9a4]
J 200 C1 java.lang.ClassLoader.loadClass(Ljava/lang/String;)Ljava/lang/Class; (7 bytes) @ 0x000000010ee45c44 [0x000000010ee45b40+0x104]
v  ~StubRoutines::call_stub
j  org.eclipse.jetty.server.AbstractConnector.shutdown()Ljava/util/concurrent/Future;+0
j  org.eclipse.jetty.server.AbstractNetworkConnector.shutdown()Ljava/util/concurrent/Future;+5
j  org.eclipse.jetty.server.ServerConnector.shutdown()Ljava/util/concurrent/Future;+1
j  org.eclipse.jetty.server.Server.doStop()V+89
j  org.eclipse.jetty.util.component.AbstractLifeCycle.stop()V+30
j  org.eclipse.jetty.util.thread.ShutdownThread.run()V+41
v  ~StubRoutines::call_stub

---------------  P R O C E S S  ---------------

Java Threads: ( => current thread )
=>0x00007fb72be53000 JavaThread "Thread-11" [_thread_in_native, id=39939, stack(0x000070000cfed000,0x000070000d0ed000)]
  0x00007fb72d008000 JavaThread "SIGINT handler" daemon [_thread_blocked, id=4619, stack(0x000070000cce4000,0x000070000cde4000)]
  0x00007fb72be53800 JavaThread "dw-admin-31" [_thread_blocked, id=40455, stack(0x000070000cde7000,0x000070000cee7000)]
  0x00007fb72b53c000 JavaThread "dw-admin-27-acceptor-1@2780f7da-admin@16f7b4af{HTTP/1.1,[http/1.1]}{0.0.0.0:8081}" [_thread_blocked, id=24579, stack(0x000070000cbe1000,0x000070000cce1000)]
  0x00007fb72bb29800 JavaThread "dw-admin-26-acceptor-0@ab6fe35-admin@16f7b4af{HTTP/1.1,[http/1.1]}{0.0.0.0:8081}" [_thread_in_native, id=41475, stack(0x000070000cade000,0x000070000cbde000)]
  0x00007fb72b53b000 JavaThread "dw-admin-25" [_thread_in_native, id=24067, stack(0x000070000c9db000,0x000070000cadb000)]
  0x00007fb72b53a000 JavaThread "dw-admin-24" [_thread_in_native, id=23811, stack(0x000070000c8d8000,0x000070000c9d8000)]
  0x00007fb72b539800 JavaThread "dw-admin-23" [_thread_in_native, id=23299, stack(0x000070000c7d5000,0x000070000c8d5000)]
  0x00007fb72a806800 JavaThread "DestroyJavaVM" [_thread_blocked, id=6403, stack(0x000070000ae8a000,0x000070000af8a000)]
  0x00007fb72a46b800 JavaThread "dw-admin-21" [_thread_in_native, id=41987, stack(0x000070000c6d2000,0x000070000c7d2000)]
  0x00007fb72abf1800 JavaThread "dw-19" [_thread_blocked, id=42499, stack(0x000070000c5cf000,0x000070000c6cf000)]
  0x00007fb72a46b000 JavaThread "dw-18" [_thread_blocked, id=22787, stack(0x000070000c4cc000,0x000070000c5cc000)]
  0x00007fb72abf1000 JavaThread "dw-17-acceptor-1@6a4fa568-application@6731787b{HTTP/1.1,[http/1.1]}{0.0.0.0:8080}" [_thread_blocked, id=22531, stack(0x000070000c3c9000,0x000070000c4c9000)]
  0x00007fb72a87e800 JavaThread "dw-16-acceptor-0@3fd8790a-application@6731787b{HTTP/1.1,[http/1.1]}{0.0.0.0:8080}" [_thread_blocked, id=22275, stack(0x000070000c2c6000,0x000070000c3c6000)]
  0x00007fb72a46a000 JavaThread "dw-15" [_thread_in_native, id=21763, stack(0x000070000c1c3000,0x000070000c2c3000)]
  0x00007fb72a468800 JavaThread "dw-14" [_thread_in_native, id=16131, stack(0x000070000c0c0000,0x000070000c1c0000)]
  0x00007fb72b9ba800 JavaThread "dw-13" [_thread_in_native, id=16387, stack(0x000070000bfbd000,0x000070000c0bd000)]
  0x00007fb72bb22000 JavaThread "dw-12" [_thread_in_native, id=15363, stack(0x000070000beba000,0x000070000bfba000)]
  0x00007fb72b11e800 JavaThread "AsyncAppender-Worker-async-console-appender" daemon [_thread_blocked, id=14851, stack(0x000070000bdb7000,0x000070000beb7000)]
  0x00007fb72b97f800 JavaThread "AsyncAppender-Worker-async-console-appender" daemon [_thread_blocked, id=17155, stack(0x000070000bcb4000,0x000070000bdb4000)]
  0x00007fb72a872800 JavaThread "Service Thread" daemon [_thread_blocked, id=17411, stack(0x000070000baae000,0x000070000bbae000)]
  0x00007fb72a85f800 JavaThread "C1 CompilerThread2" daemon [_thread_blocked, id=17923, stack(0x000070000b9ab000,0x000070000baab000)]
  0x00007fb72a85d000 JavaThread "C2 CompilerThread1" daemon [_thread_blocked, id=18435, stack(0x000070000b8a8000,0x000070000b9a8000)]
  0x00007fb72a85e000 JavaThread "C2 CompilerThread0" daemon [_thread_blocked, id=13827, stack(0x000070000b7a5000,0x000070000b8a5000)]
  0x00007fb72a85c800 JavaThread "Signal Dispatcher" daemon [_thread_blocked, id=13315, stack(0x000070000b6a2000,0x000070000b7a2000)]
  0x00007fb72a854000 JavaThread "Finalizer" daemon [_thread_blocked, id=12291, stack(0x000070000b59f000,0x000070000b69f000)]
  0x00007fb72a851000 JavaThread "Reference Handler" daemon [_thread_blocked, id=20995, stack(0x000070000b49c000,0x000070000b59c000)]

Other Threads:
  0x00007fb72a84c800 VMThread [stack: 0x000070000b399000,0x000070000b499000] [id=12035]
  0x00007fb72a873000 WatcherThread [stack: 0x000070000bbb1000,0x000070000bcb1000] [id=14339]

VM state:not at safepoint (normal execution)

VM Mutex/Monitor currently owned by a thread: None

Heap:
 PSYoungGen      total 71680K, used 46238K [0x0000000795580000, 0x000000079e180000, 0x00000007c0000000)
  eden space 66560K, 69% used [0x0000000795580000,0x00000007982a7ae8,0x0000000799680000)
  from space 5120K, 0% used [0x0000000799680000,0x0000000799680000,0x0000000799b80000)
  to   space 5120K, 0% used [0x000000079dc80000,0x000000079dc80000,0x000000079e180000)
 ParOldGen       total 61440K, used 7680K [0x0000000740000000, 0x0000000743c00000, 0x0000000795580000)
  object space 61440K, 12% used [0x0000000740000000,0x0000000740780048,0x0000000743c00000)
 Metaspace       used 25467K, capacity 25754K, committed 25984K, reserved 1071104K
  class space    used 3332K, capacity 3426K, committed 3456K, reserved 1048576K

Card table byte_map: [0x000000010d1b8000,0x000000010d5b9000] byte_map_base: 0x00000001097b8000

Marking Bits: (ParMarkBitMap*) 0x000000010c6f35d0
 Begin Bits: [0x000000011dcd0000, 0x000000011fcd0000)
 End Bits:   [0x000000011fcd0000, 0x0000000121cd0000)

Polling page: 0x000000010b5f9000

CodeCache: size=245760Kb used=7038Kb max_used=7076Kb free=238721Kb
 bounds [0x000000010ecd0000, 0x000000010f3d0000, 0x000000011dcd0000]
 total_blobs=2719 nmethods=2297 adapters=335
 compilation: enabled

Compilation events (10 events):
Event: 2.594 Thread 0x00007fb72a85d000 nmethod 2180 0x000000010f391450 code [0x000000010f3918a0, 0x000000010f3954b8]
Event: 2.595 Thread 0x00007fb72a85d000 2252   !   4       java.net.URLClassLoader::findClass (47 bytes)
Event: 2.598 Thread 0x00007fb72a85d000 nmethod 2252 0x000000010f382310 code [0x000000010f3824a0, 0x000000010f3826b8]
Event: 3.109 Thread 0x00007fb72a85e000 nmethod 2274 0x000000010f3a4350 code [0x000000010f3a5160, 0x000000010f3af900]
Event: 61.802 Thread 0x00007fb72a85f800 2297       1       java.util.concurrent.atomic.AtomicInteger::get (5 bytes)
Event: 61.802 Thread 0x00007fb72a85f800 nmethod 2297 0x000000010f382050 code [0x000000010f3821a0, 0x000000010f3822b0]
Event: 137.621 Thread 0x00007fb72a85f800 2298       3       java.util.logging.LogManager$LoggerContext::ensureDefaultLogger (70 bytes)
Event: 137.623 Thread 0x00007fb72a85f800 nmethod 2298 0x000000010f3907d0 code [0x000000010f3909a0, 0x000000010f391248]
Event: 137.623 Thread 0x00007fb72a85f800 2299  s    3       java.util.Hashtable::containsKey (65 bytes)
Event: 137.624 Thread 0x00007fb72a85f800 nmethod 2299 0x000000010f38fd90 code [0x000000010f38ff40, 0x000000010f390578]

GC Heap History (8 events):
Event: 0.875 GC heap before
{Heap before GC invocations=1 (full 0):
 PSYoungGen      total 38400K, used 33280K [0x0000000795580000, 0x0000000798000000, 0x00000007c0000000)
  eden space 33280K, 100% used [0x0000000795580000,0x0000000797600000,0x0000000797600000)
  from space 5120K, 0% used [0x0000000797b00000,0x0000000797b00000,0x0000000798000000)
  to   space 5120K, 0% used [0x0000000797600000,0x0000000797600000,0x0000000797b00000)
 ParOldGen       total 87552K, used 0K [0x0000000740000000, 0x0000000745580000, 0x0000000795580000)
  object space 87552K, 0% used [0x0000000740000000,0x0000000740000000,0x0000000745580000)
 Metaspace       used 14431K, capacity 14628K, committed 14720K, reserved 1062912K
  class space    used 1788K, capacity 1857K, committed 1920K, reserved 1048576K
Event: 0.886 GC heap after
Heap after GC invocations=1 (full 0):
 PSYoungGen      total 38400K, used 5094K [0x0000000795580000, 0x000000079a080000, 0x00000007c0000000)
  eden space 33280K, 0% used [0x0000000795580000,0x0000000795580000,0x0000000797600000)
  from space 5120K, 99% used [0x0000000797600000,0x0000000797af9b18,0x0000000797b00000)
  to   space 5120K, 0% used [0x0000000799b80000,0x0000000799b80000,0x000000079a080000)
 ParOldGen       total 87552K, used 3666K [0x0000000740000000, 0x0000000745580000, 0x0000000795580000)
  object space 87552K, 4% used [0x0000000740000000,0x0000000740394a50,0x0000000745580000)
 Metaspace       used 14431K, capacity 14628K, committed 14720K, reserved 1062912K
  class space    used 1788K, capacity 1857K, committed 1920K, reserved 1048576K
}
Event: 1.648 GC heap before
{Heap before GC invocations=2 (full 0):
 PSYoungGen      total 38400K, used 38374K [0x0000000795580000, 0x000000079a080000, 0x00000007c0000000)
  eden space 33280K, 100% used [0x0000000795580000,0x0000000797600000,0x0000000797600000)
  from space 5120K, 99% used [0x0000000797600000,0x0000000797af9b18,0x0000000797b00000)
  to   space 5120K, 0% used [0x0000000799b80000,0x0000000799b80000,0x000000079a080000)
 ParOldGen       total 87552K, used 3666K [0x0000000740000000, 0x0000000745580000, 0x0000000795580000)
  object space 87552K, 4% used [0x0000000740000000,0x0000000740394a50,0x0000000745580000)
 Metaspace       used 19200K, capacity 19454K, committed 19712K, reserved 1067008K
  class space    used 2401K, capacity 2486K, committed 2560K, reserved 1048576K
Event: 1.664 GC heap after
Heap after GC invocations=2 (full 0):
 PSYoungGen      total 71680K, used 5120K [0x0000000795580000, 0x000000079a080000, 0x00000007c0000000)
  eden space 66560K, 0% used [0x0000000795580000,0x0000000795580000,0x0000000799680000)
  from space 5120K, 100% used [0x0000000799b80000,0x000000079a080000,0x000000079a080000)
  to   space 5120K, 0% used [0x0000000799680000,0x0000000799680000,0x0000000799b80000)
 ParOldGen       total 87552K, used 7394K [0x0000000740000000, 0x0000000745580000, 0x0000000795580000)
  object space 87552K, 8% used [0x0000000740000000,0x0000000740738a80,0x0000000745580000)
 Metaspace       used 19200K, capacity 19454K, committed 19712K, reserved 1067008K
  class space    used 2401K, capacity 2486K, committed 2560K, reserved 1048576K
}
Event: 1.829 GC heap before
{Heap before GC invocations=3 (full 0):
 PSYoungGen      total 71680K, used 13156K [0x0000000795580000, 0x000000079a080000, 0x00000007c0000000)
  eden space 66560K, 12% used [0x0000000795580000,0x0000000795d590b8,0x0000000799680000)
  from space 5120K, 100% used [0x0000000799b80000,0x000000079a080000,0x000000079a080000)
  to   space 5120K, 0% used [0x0000000799680000,0x0000000799680000,0x0000000799b80000)
 ParOldGen       total 87552K, used 7394K [0x0000000740000000, 0x0000000745580000, 0x0000000795580000)
  object space 87552K, 8% used [0x0000000740000000,0x0000000740738a80,0x0000000745580000)
 Metaspace       used 20840K, capacity 21060K, committed 21248K, reserved 1067008K
  class space    used 2645K, capacity 2745K, committed 2816K, reserved 1048576K
Event: 1.841 GC heap after
Heap after GC invocations=3 (full 0):
 PSYoungGen      total 71680K, used 5120K [0x0000000795580000, 0x000000079e180000, 0x00000007c0000000)
  eden space 66560K, 0% used [0x0000000795580000,0x0000000795580000,0x0000000799680000)
  from space 5120K, 100% used [0x0000000799680000,0x0000000799b80000,0x0000000799b80000)
  to   space 5120K, 0% used [0x000000079dc80000,0x000000079dc80000,0x000000079e180000)
 ParOldGen       total 87552K, used 9592K [0x0000000740000000, 0x0000000745580000, 0x0000000795580000)
  object space 87552K, 10% used [0x0000000740000000,0x000000074095e1c8,0x0000000745580000)
 Metaspace       used 20840K, capacity 21060K, committed 21248K, reserved 1067008K
  class space    used 2645K, capacity 2745K, committed 2816K, reserved 1048576K
}
Event: 1.841 GC heap before
{Heap before GC invocations=4 (full 1):
 PSYoungGen      total 71680K, used 5120K [0x0000000795580000, 0x000000079e180000, 0x00000007c0000000)
  eden space 66560K, 0% used [0x0000000795580000,0x0000000795580000,0x0000000799680000)
  from space 5120K, 100% used [0x0000000799680000,0x0000000799b80000,0x0000000799b80000)
  to   space 5120K, 0% used [0x000000079dc80000,0x000000079dc80000,0x000000079e180000)
 ParOldGen       total 87552K, used 9592K [0x0000000740000000, 0x0000000745580000, 0x0000000795580000)
  object space 87552K, 10% used [0x0000000740000000,0x000000074095e1c8,0x0000000745580000)
 Metaspace       used 20840K, capacity 21060K, committed 21248K, reserved 1067008K
  class space    used 2645K, capacity 2745K, committed 2816K, reserved 1048576K
Event: 1.891 GC heap after
Heap after GC invocations=4 (full 1):
 PSYoungGen      total 71680K, used 0K [0x0000000795580000, 0x000000079e180000, 0x00000007c0000000)
  eden space 66560K, 0% used [0x0000000795580000,0x0000000795580000,0x0000000799680000)
  from space 5120K, 0% used [0x0000000799680000,0x0000000799680000,0x0000000799b80000)
  to   space 5120K, 0% used [0x000000079dc80000,0x000000079dc80000,0x000000079e180000)
 ParOldGen       total 61440K, used 7680K [0x0000000740000000, 0x0000000743c00000, 0x0000000795580000)
  object space 61440K, 12% used [0x0000000740000000,0x0000000740780048,0x0000000743c00000)
 Metaspace       used 20840K, capacity 21060K, committed 21248K, reserved 1067008K
  class space    used 2645K, capacity 2745K, committed 2816K, reserved 1048576K
}

Deoptimization events (10 events):
Event: 1.963 Thread 0x00007fb72a806800 Uncommon trap: reason=class_check action=maybe_recompile pc=0x000000010f190ffc method=java.util.HashSet.iterator()Ljava/util/Iterator; @ 4
Event: 2.004 Thread 0x00007fb72a806800 Uncommon trap: reason=class_check action=maybe_recompile pc=0x000000010f10820c method=java.lang.reflect.Method.equals(Ljava/lang/Object;)Z @ 5
Event: 2.004 Thread 0x00007fb72a806800 Uncommon trap: reason=class_check action=maybe_recompile pc=0x000000010f10820c method=java.lang.reflect.Method.equals(Ljava/lang/Object;)Z @ 5
Event: 2.072 Thread 0x00007fb72a806800 Uncommon trap: reason=class_check action=maybe_recompile pc=0x000000010f10820c method=java.lang.reflect.Method.equals(Ljava/lang/Object;)Z @ 5
Event: 2.075 Thread 0x00007fb72a806800 Uncommon trap: reason=class_check action=maybe_recompile pc=0x000000010f10820c method=java.lang.reflect.Method.equals(Ljava/lang/Object;)Z @ 5
Event: 2.088 Thread 0x00007fb72a806800 Uncommon trap: reason=bimorphic action=maybe_recompile pc=0x000000010f24b1e0 method=java.util.AbstractCollection.addAll(Ljava/util/Collection;)Z @ 29
Event: 2.116 Thread 0x00007fb72a806800 Uncommon trap: reason=bimorphic action=maybe_recompile pc=0x000000010f24b1e0 method=java.util.AbstractCollection.addAll(Ljava/util/Collection;)Z @ 29
Event: 2.120 Thread 0x00007fb72a806800 Uncommon trap: reason=bimorphic action=maybe_recompile pc=0x000000010f24b1e0 method=java.util.AbstractCollection.addAll(Ljava/util/Collection;)Z @ 29
Event: 2.277 Thread 0x00007fb72a806800 Uncommon trap: reason=unstable_if action=reinterpret pc=0x000000010f2ba1c4 method=java.lang.Class.searchMethods([Ljava/lang/reflect/Method;Ljava/lang/String;[Ljava/lang/Class;)Ljava/lang/reflect/Method; @ 47
Event: 2.355 Thread 0x00007fb72a806800 Uncommon trap: reason=unstable_if action=reinterpret pc=0x000000010f06d63c method=java.util.concurrent.ConcurrentHashMap.putVal(Ljava/lang/Object;Ljava/lang/Object;Z)Ljava/lang/Object; @ 331

Internal exceptions (10 events):
Event: 1.015 Thread 0x00007fb72a806800 Exception <a 'java/lang/ArrayIndexOutOfBoundsException': 40> (0x0000000795ac72c0) thrown at [/Users/java_re/workspace/8-2-build-macosx-x86_64/jdk8u141/9370/hotspot/src/share/vm/interpreter/interpreterRuntime.cpp, line 366]
Event: 1.015 Thread 0x00007fb72a806800 Exception <a 'java/lang/ArrayIndexOutOfBoundsException': 139> (0x0000000795ac8df0) thrown at [/Users/java_re/workspace/8-2-build-macosx-x86_64/jdk8u141/9370/hotspot/src/share/vm/interpreter/interpreterRuntime.cpp, line 366]
Event: 1.015 Thread 0x00007fb72a806800 Exception <a 'java/lang/ArrayIndexOutOfBoundsException': 139> (0x0000000795acab20) thrown at [/Users/java_re/workspace/8-2-build-macosx-x86_64/jdk8u141/9370/hotspot/src/share/vm/interpreter/interpreterRuntime.cpp, line 366]
Event: 1.015 Thread 0x00007fb72a806800 Exception <a 'java/lang/ArrayIndexOutOfBoundsException': 92> (0x0000000795acc218) thrown at [/Users/java_re/workspace/8-2-build-macosx-x86_64/jdk8u141/9370/hotspot/src/share/vm/interpreter/interpreterRuntime.cpp, line 366]
Event: 1.319 Thread 0x00007fb72a806800 Implicit null exception at 0x000000010ef4a8f3 to 0x000000010ef4acd1
Event: 1.319 Thread 0x00007fb72a806800 Implicit null exception at 0x000000010eebfdf6 to 0x000000010eec01b5
Event: 1.589 Thread 0x00007fb72a806800 Exception <a 'java/lang/NoSuchMethodError': org.slf4j.impl.StaticMDCBinder.getSingleton()Lorg/slf4j/impl/StaticMDCBinder;> (0x00000007972f9760) thrown at [/Users/java_re/workspace/8-2-build-macosx-x86_64/jdk8u141/9370/hotspot/src/share/vm/interpreter/link
Event: 1.759 Thread 0x00007fb72a806800 Exception <a 'java/io/FileNotFoundException'> (0x0000000795a5f3d0) thrown at [/Users/java_re/workspace/8-2-build-macosx-x86_64/jdk8u141/9370/hotspot/src/share/vm/prims/jni.cpp, line 709]
Event: 1.761 Thread 0x00007fb72a806800 Exception <a 'java/io/FileNotFoundException'> (0x0000000795ab9930) thrown at [/Users/java_re/workspace/8-2-build-macosx-x86_64/jdk8u141/9370/hotspot/src/share/vm/prims/jni.cpp, line 709]
Event: 137.626 Thread 0x00007fb72a87e800 Exception <a 'java/io/IOException'> (0x0000000797c28ef8) thrown at [/Users/java_re/workspace/8-2-build-macosx-x86_64/jdk8u141/9370/hotspot/src/share/vm/prims/jni.cpp, line 709]

Events (10 events):
Event: 137.622 Thread 0x00007fb72d009000 Thread exited: 0x00007fb72d009000
Event: 137.622 loading class sun/nio/ch/FileDispatcher
Event: 137.622 loading class sun/nio/ch/FileDispatcher done
Event: 137.622 loading class sun/nio/ch/FileDispatcherImpl done
Event: 137.626 loading class java/nio/channels/AsynchronousCloseException
Event: 137.626 loading class java/nio/channels/ClosedChannelException
Event: 137.627 loading class java/nio/channels/ClosedChannelException done
Event: 137.627 loading class java/nio/channels/AsynchronousCloseException done
Event: 137.629 loading class org/eclipse/jetty/util/FutureCallback
Event: 137.629 loading class org/eclipse/jetty/util/FutureCallback done


Dynamic libraries:
0x0000000023b3c000 	/System/Library/Frameworks/Cocoa.framework/Versions/A/Cocoa
0x0000000023b3c000 	/System/Library/Frameworks/Security.framework/Versions/A/Security
0x0000000023b3c000 	/System/Library/Frameworks/ApplicationServices.framework/Versions/A/ApplicationServices
0x0000000023b3c000 	/usr/lib/libz.1.dylib
0x0000000023b3c000 	/usr/lib/libSystem.B.dylib
0x0000000023b3c000 	/usr/lib/libobjc.A.dylib
0x0000000023b3c000 	/System/Library/Frameworks/CoreFoundation.framework/Versions/A/CoreFoundation
0x0000000023b3c000 	/System/Library/Frameworks/Foundation.framework/Versions/C/Foundation
0x0000000023b3c000 	/System/Library/Frameworks/AppKit.framework/Versions/C/AppKit
0x0000000023b3c000 	/System/Library/Frameworks/CoreData.framework/Versions/A/CoreData
0x0000000023b3c000 	/System/Library/PrivateFrameworks/RemoteViewServices.framework/Versions/A/RemoteViewServices
0x0000000023b3c000 	/System/Library/PrivateFrameworks/UIFoundation.framework/Versions/A/UIFoundation
0x0000000023b3c000 	/System/Library/PrivateFrameworks/XCTTargetBootstrap.framework/Versions/A/XCTTargetBootstrap
0x0000000023b3c000 	/System/Library/Frameworks/CoreDisplay.framework/Versions/A/CoreDisplay
0x0000000023b3c000 	/System/Library/PrivateFrameworks/IconServices.framework/Versions/A/IconServices
0x0000000023b3c000 	/System/Library/Frameworks/Metal.framework/Versions/A/Metal
0x0000000023b3c000 	/System/Library/PrivateFrameworks/DesktopServicesPriv.framework/Versions/A/DesktopServicesPriv
0x0000000023b3c000 	/usr/lib/libenergytrace.dylib
0x0000000023b3c000 	/System/Library/PrivateFrameworks/SkyLight.framework/Versions/A/SkyLight
0x0000000023b3c000 	/System/Library/Frameworks/CoreGraphics.framework/Versions/A/CoreGraphics
0x0000000023b3c000 	/System/Library/Frameworks/Accelerate.framework/Versions/A/Accelerate
0x0000000023b3c000 	/System/Library/Frameworks/IOSurface.framework/Versions/A/IOSurface
0x0000000023b3c000 	/System/Library/PrivateFrameworks/DFRFoundation.framework/Versions/A/DFRFoundation
0x0000000023b3c000 	/System/Library/Frameworks/AudioToolbox.framework/Versions/A/AudioToolbox
0x0000000023b3c000 	/System/Library/Frameworks/AudioUnit.framework/Versions/A/AudioUnit
0x0000000023b3c000 	/System/Library/PrivateFrameworks/DataDetectorsCore.framework/Versions/A/DataDetectorsCore
0x0000000023b3c000 	/System/Library/Frameworks/Carbon.framework/Versions/A/Frameworks/HIToolbox.framework/Versions/A/HIToolbox
0x0000000023b3c000 	/usr/lib/libicucore.A.dylib
0x0000000023b3c000 	/System/Library/Frameworks/QuartzCore.framework/Versions/A/QuartzCore
0x0000000023b3c000 	/System/Library/Frameworks/Carbon.framework/Versions/A/Frameworks/SpeechRecognition.framework/Versions/A/SpeechRecognition
0x0000000023b3c000 	/usr/lib/libauto.dylib
0x0000000023b3c000 	/usr/lib/libxml2.2.dylib
0x0000000023b3c000 	/System/Library/PrivateFrameworks/CoreUI.framework/Versions/A/CoreUI
0x0000000023b3c000 	/System/Library/Frameworks/CoreAudio.framework/Versions/A/CoreAudio
0x0000000023b3c000 	/System/Library/Frameworks/DiskArbitration.framework/Versions/A/DiskArbitration
0x0000000023b3c000 	/usr/lib/liblangid.dylib
0x0000000023b3c000 	/System/Library/PrivateFrameworks/MultitouchSupport.framework/Versions/A/MultitouchSupport
0x0000000023b3c000 	/System/Library/Frameworks/IOKit.framework/Versions/A/IOKit
0x0000000023b3c000 	/usr/lib/libDiagnosticMessagesClient.dylib
0x0000000023b3c000 	/System/Library/Frameworks/CoreServices.framework/Versions/A/CoreServices
0x0000000023b3c000 	/System/Library/PrivateFrameworks/PerformanceAnalysis.framework/Versions/A/PerformanceAnalysis
0x0000000023b3c000 	/System/Library/Frameworks/OpenGL.framework/Versions/A/OpenGL
0x0000000023b3c000 	/System/Library/Frameworks/ColorSync.framework/Versions/A/ColorSync
0x0000000023b3c000 	/System/Library/Frameworks/CoreImage.framework/Versions/A/CoreImage
0x0000000023b3c000 	/System/Library/Frameworks/CoreText.framework/Versions/A/CoreText
0x0000000023b3c000 	/System/Library/Frameworks/ImageIO.framework/Versions/A/ImageIO
0x0000000023b3c000 	/System/Library/PrivateFrameworks/Backup.framework/Versions/A/Backup
0x0000000023b3c000 	/usr/lib/libarchive.2.dylib
0x0000000023b3c000 	/System/Library/Frameworks/CFNetwork.framework/Versions/A/CFNetwork
0x0000000023b3c000 	/System/Library/Frameworks/SystemConfiguration.framework/Versions/A/SystemConfiguration
0x0000000023b3c000 	/usr/lib/libCRFSuite.dylib
0x0000000023b3c000 	/usr/lib/libc++.1.dylib
0x0000000023b3c000 	/usr/lib/libc++abi.dylib
0x0000000023b3c000 	/usr/lib/system/libcache.dylib
0x0000000023b3c000 	/usr/lib/system/libcommonCrypto.dylib
0x0000000023b3c000 	/usr/lib/system/libcompiler_rt.dylib
0x0000000023b3c000 	/usr/lib/system/libcopyfile.dylib
0x0000000023b3c000 	/usr/lib/system/libcorecrypto.dylib
0x0000000023b3c000 	/usr/lib/system/libdispatch.dylib
0x0000000023b3c000 	/usr/lib/system/libdyld.dylib
0x0000000023b3c000 	/usr/lib/system/libkeymgr.dylib
0x0000000023b3c000 	/usr/lib/system/liblaunch.dylib
0x0000000023b3c000 	/usr/lib/system/libmacho.dylib
0x0000000023b3c000 	/usr/lib/system/libquarantine.dylib
0x0000000023b3c000 	/usr/lib/system/libremovefile.dylib
0x0000000023b3c000 	/usr/lib/system/libsystem_asl.dylib
0x0000000023b3c000 	/usr/lib/system/libsystem_blocks.dylib
0x0000000023b3c000 	/usr/lib/system/libsystem_c.dylib
0x0000000023b3c000 	/usr/lib/system/libsystem_configuration.dylib
0x0000000023b3c000 	/usr/lib/system/libsystem_coreservices.dylib
0x0000000023b3c000 	/usr/lib/system/libsystem_darwin.dylib
0x0000000023b3c000 	/usr/lib/system/libsystem_dnssd.dylib
0x0000000023b3c000 	/usr/lib/system/libsystem_info.dylib
0x0000000023b3c000 	/usr/lib/system/libsystem_m.dylib
0x0000000023b3c000 	/usr/lib/system/libsystem_malloc.dylib
0x0000000023b3c000 	/usr/lib/system/libsystem_networkextension.dylib
0x0000000023b3c000 	/usr/lib/system/libsystem_notify.dylib
0x0000000023b3c000 	/usr/lib/system/libsystem_sandbox.dylib
0x0000000023b3c000 	/usr/lib/system/libsystem_secinit.dylib
0x0000000023b3c000 	/usr/lib/system/libsystem_kernel.dylib
0x0000000023b3c000 	/usr/lib/system/libsystem_platform.dylib
0x0000000023b3c000 	/usr/lib/system/libsystem_pthread.dylib
0x0000000023b3c000 	/usr/lib/system/libsystem_symptoms.dylib
0x0000000023b3c000 	/usr/lib/system/libsystem_trace.dylib
0x0000000023b3c000 	/usr/lib/system/libunwind.dylib
0x0000000023b3c000 	/usr/lib/system/libxpc.dylib
0x0000000023b3c000 	/usr/lib/libbsm.0.dylib
0x0000000023b3c000 	/usr/lib/system/libkxld.dylib
0x0000000023b3c000 	/System/Library/PrivateFrameworks/AppleFSCompression.framework/Versions/A/AppleFSCompression
0x0000000023b3c000 	/usr/lib/libOpenScriptingUtil.dylib
0x0000000023b3c000 	/usr/lib/libcoretls.dylib
0x0000000023b3c000 	/usr/lib/libcoretls_cfhelpers.dylib
0x0000000023b3c000 	/usr/lib/libpam.2.dylib
0x0000000023b3c000 	/usr/lib/libsqlite3.dylib
0x0000000023b3c000 	/usr/lib/libxar.1.dylib
0x0000000023b3c000 	/usr/lib/libbz2.1.0.dylib
0x0000000023b3c000 	/usr/lib/liblzma.5.dylib
0x0000000023b3c000 	/usr/lib/libnetwork.dylib
0x0000000023b3c000 	/usr/lib/libapple_nghttp2.dylib
0x0000000023b3c000 	/usr/lib/libpcap.A.dylib
0x0000000023b3c000 	/System/Library/Frameworks/CoreServices.framework/Versions/A/Frameworks/FSEvents.framework/Versions/A/FSEvents
0x0000000023b3c000 	/System/Library/Frameworks/CoreServices.framework/Versions/A/Frameworks/CarbonCore.framework/Versions/A/CarbonCore
0x0000000023b3c000 	/System/Library/Frameworks/CoreServices.framework/Versions/A/Frameworks/Metadata.framework/Versions/A/Metadata
0x0000000023b3c000 	/System/Library/Frameworks/CoreServices.framework/Versions/A/Frameworks/OSServices.framework/Versions/A/OSServices
0x0000000023b3c000 	/System/Library/Frameworks/CoreServices.framework/Versions/A/Frameworks/SearchKit.framework/Versions/A/SearchKit
0x0000000023b3c000 	/System/Library/Frameworks/CoreServices.framework/Versions/A/Frameworks/AE.framework/Versions/A/AE
0x0000000023b3c000 	/System/Library/Frameworks/CoreServices.framework/Versions/A/Frameworks/LaunchServices.framework/Versions/A/LaunchServices
0x0000000023b3c000 	/System/Library/Frameworks/CoreServices.framework/Versions/A/Frameworks/DictionaryServices.framework/Versions/A/DictionaryServices
0x0000000023b3c000 	/System/Library/Frameworks/CoreServices.framework/Versions/A/Frameworks/SharedFileList.framework/Versions/A/SharedFileList
0x0000000023b3c000 	/System/Library/Frameworks/NetFS.framework/Versions/A/NetFS
0x0000000023b3c000 	/System/Library/PrivateFrameworks/NetAuth.framework/Versions/A/NetAuth
0x0000000023b3c000 	/System/Library/PrivateFrameworks/login.framework/Versions/A/Frameworks/loginsupport.framework/Versions/A/loginsupport
0x0000000023b3c000 	/System/Library/PrivateFrameworks/TCC.framework/Versions/A/TCC
0x0000000023b3c000 	/System/Library/PrivateFrameworks/CoreNLP.framework/Versions/A/CoreNLP
0x0000000023b3c000 	/System/Library/PrivateFrameworks/MetadataUtilities.framework/Versions/A/MetadataUtilities
0x0000000023b3c000 	/usr/lib/libmecabra.dylib
0x0000000023b3c000 	/System/Library/Frameworks/ApplicationServices.framework/Versions/A/Frameworks/ATS.framework/Versions/A/ATS
0x0000000023b3c000 	/System/Library/Frameworks/ApplicationServices.framework/Versions/A/Frameworks/ColorSyncLegacy.framework/Versions/A/ColorSyncLegacy
0x0000000023b3c000 	/System/Library/Frameworks/ApplicationServices.framework/Versions/A/Frameworks/HIServices.framework/Versions/A/HIServices
0x0000000023b3c000 	/System/Library/Frameworks/ApplicationServices.framework/Versions/A/Frameworks/LangAnalysis.framework/Versions/A/LangAnalysis
0x0000000023b3c000 	/System/Library/Frameworks/ApplicationServices.framework/Versions/A/Frameworks/PrintCore.framework/Versions/A/PrintCore
0x0000000023b3c000 	/System/Library/Frameworks/ApplicationServices.framework/Versions/A/Frameworks/QD.framework/Versions/A/QD
0x0000000023b3c000 	/System/Library/Frameworks/ApplicationServices.framework/Versions/A/Frameworks/SpeechSynthesis.framework/Versions/A/SpeechSynthesis
0x0000000023b3c000 	/usr/lib/libcompression.dylib
0x0000000023b3c000 	/System/Library/Frameworks/MetalPerformanceShaders.framework/Versions/A/MetalPerformanceShaders
0x0000000023b3c000 	/System/Library/Frameworks/Accelerate.framework/Versions/A/Frameworks/vImage.framework/Versions/A/vImage
0x0000000023b3c000 	/System/Library/Frameworks/Accelerate.framework/Versions/A/Frameworks/vecLib.framework/Versions/A/vecLib
0x0000000023b3c000 	/System/Library/Frameworks/Accelerate.framework/Versions/A/Frameworks/vecLib.framework/Versions/A/libvMisc.dylib
0x0000000023b3c000 	/System/Library/Frameworks/Accelerate.framework/Versions/A/Frameworks/vecLib.framework/Versions/A/libvDSP.dylib
0x0000000023b3c000 	/System/Library/Frameworks/Accelerate.framework/Versions/A/Frameworks/vecLib.framework/Versions/A/libBLAS.dylib
0x0000000023b3c000 	/System/Library/Frameworks/Accelerate.framework/Versions/A/Frameworks/vecLib.framework/Versions/A/libLAPACK.dylib
0x0000000023b3c000 	/System/Library/Frameworks/Accelerate.framework/Versions/A/Frameworks/vecLib.framework/Versions/A/libLinearAlgebra.dylib
0x0000000023b3c000 	/System/Library/Frameworks/Accelerate.framework/Versions/A/Frameworks/vecLib.framework/Versions/A/libSparseBLAS.dylib
0x0000000023b3c000 	/System/Library/Frameworks/Accelerate.framework/Versions/A/Frameworks/vecLib.framework/Versions/A/libQuadrature.dylib
0x0000000023b3c000 	/System/Library/Frameworks/Accelerate.framework/Versions/A/Frameworks/vecLib.framework/Versions/A/libBNNS.dylib
0x0000000023b3c000 	/System/Library/Frameworks/Accelerate.framework/Versions/A/Frameworks/vecLib.framework/Versions/A/libSparse.dylib
0x0000000023b3c000 	/System/Library/PrivateFrameworks/GPUWrangler.framework/Versions/A/GPUWrangler
0x0000000023b3c000 	/System/Library/PrivateFrameworks/IOAccelerator.framework/Versions/A/IOAccelerator
0x0000000023b3c000 	/System/Library/PrivateFrameworks/IOPresentment.framework/Versions/A/IOPresentment
0x0000000023b3c000 	/System/Library/PrivateFrameworks/DSExternalDisplay.framework/Versions/A/DSExternalDisplay
0x0000000023b3c000 	/System/Library/Frameworks/OpenGL.framework/Versions/A/Libraries/libCoreFSCache.dylib
0x0000000023b3c000 	/System/Library/Frameworks/MetalPerformanceShaders.framework/Frameworks/MPSCore.framework/Versions/A/MPSCore
0x0000000023b3c000 	/System/Library/Frameworks/MetalPerformanceShaders.framework/Frameworks/MPSImage.framework/Versions/A/MPSImage
0x0000000023b3c000 	/System/Library/Frameworks/MetalPerformanceShaders.framework/Frameworks/MPSNeuralNetwork.framework/Versions/A/MPSNeuralNetwork
0x0000000023b3c000 	/System/Library/Frameworks/MetalPerformanceShaders.framework/Frameworks/MPSMatrix.framework/Versions/A/MPSMatrix
0x0000000023b3c000 	/System/Library/Frameworks/MetalPerformanceShaders.framework/Frameworks/MPSRayIntersector.framework/Versions/A/MPSRayIntersector
0x0000000023b3c000 	/System/Library/PrivateFrameworks/MetalTools.framework/Versions/A/MetalTools
0x0000000023b3c000 	/System/Library/PrivateFrameworks/AggregateDictionary.framework/Versions/A/AggregateDictionary
0x0000000023b3c000 	/usr/lib/libMobileGestalt.dylib
0x0000000023b3c000 	/System/Library/Frameworks/CoreVideo.framework/Versions/A/CoreVideo
0x0000000023b3c000 	/System/Library/PrivateFrameworks/GraphVisualizer.framework/Versions/A/GraphVisualizer
0x0000000023b3c000 	/System/Library/PrivateFrameworks/FaceCore.framework/Versions/A/FaceCore
0x0000000023b3c000 	/System/Library/Frameworks/OpenCL.framework/Versions/A/OpenCL
0x0000000023b3c000 	/usr/lib/libFosl_dynamic.dylib
0x0000000023b3c000 	/System/Library/PrivateFrameworks/OTSVG.framework/Versions/A/OTSVG
0x0000000023b3c000 	/System/Library/Frameworks/ApplicationServices.framework/Versions/A/Frameworks/ATS.framework/Versions/A/Resources/libFontParser.dylib
0x0000000023b3c000 	/System/Library/Frameworks/ApplicationServices.framework/Versions/A/Frameworks/ATS.framework/Versions/A/Resources/libFontRegistry.dylib
0x0000000023b3c000 	/System/Library/Frameworks/ImageIO.framework/Versions/A/Resources/libJPEG.dylib
0x0000000023b3c000 	/System/Library/Frameworks/ImageIO.framework/Versions/A/Resources/libTIFF.dylib
0x0000000023b3c000 	/System/Library/Frameworks/ImageIO.framework/Versions/A/Resources/libPng.dylib
0x0000000023b3c000 	/System/Library/Frameworks/ImageIO.framework/Versions/A/Resources/libGIF.dylib
0x0000000023b3c000 	/System/Library/Frameworks/ImageIO.framework/Versions/A/Resources/libJP2.dylib
0x0000000023b3c000 	/System/Library/Frameworks/ImageIO.framework/Versions/A/Resources/libRadiance.dylib
0x0000000023b3c000 	/System/Library/PrivateFrameworks/AppleJPEG.framework/Versions/A/AppleJPEG
0x0000000023b3c000 	/System/Library/Frameworks/OpenGL.framework/Versions/A/Libraries/libGFXShared.dylib
0x0000000023b3c000 	/System/Library/Frameworks/OpenGL.framework/Versions/A/Libraries/libGLU.dylib
0x0000000023b3c000 	/System/Library/Frameworks/OpenGL.framework/Versions/A/Libraries/libGL.dylib
0x0000000023b3c000 	/System/Library/Frameworks/OpenGL.framework/Versions/A/Libraries/libGLImage.dylib
0x0000000023b3c000 	/System/Library/Frameworks/OpenGL.framework/Versions/A/Libraries/libCVMSPluginSupport.dylib
0x0000000023b3c000 	/System/Library/Frameworks/OpenGL.framework/Versions/A/Libraries/libCoreVMClient.dylib
0x0000000023b3c000 	/usr/lib/libcups.2.dylib
0x0000000023b3c000 	/System/Library/Frameworks/Kerberos.framework/Versions/A/Kerberos
0x0000000023b3c000 	/System/Library/Frameworks/GSS.framework/Versions/A/GSS
0x0000000023b3c000 	/usr/lib/libresolv.9.dylib
0x0000000023b3c000 	/usr/lib/libiconv.2.dylib
0x0000000023b3c000 	/System/Library/PrivateFrameworks/Heimdal.framework/Versions/A/Heimdal
0x0000000023b3c000 	/usr/lib/libheimdal-asn1.dylib
0x0000000023b3c000 	/System/Library/Frameworks/OpenDirectory.framework/Versions/A/OpenDirectory
0x0000000023b3c000 	/System/Library/PrivateFrameworks/CommonAuth.framework/Versions/A/CommonAuth
0x0000000023b3c000 	/System/Library/Frameworks/OpenDirectory.framework/Versions/A/Frameworks/CFOpenDirectory.framework/Versions/A/CFOpenDirectory
0x0000000023b3c000 	/System/Library/Frameworks/SecurityFoundation.framework/Versions/A/SecurityFoundation
0x0000000023b3c000 	/System/Library/PrivateFrameworks/APFS.framework/Versions/A/APFS
0x0000000023b3c000 	/usr/lib/libutil.dylib
0x0000000023b3c000 	/usr/lib/libcharset.1.dylib
0x0000000023b3c000 	/System/Library/PrivateFrameworks/AppleSauce.framework/Versions/A/AppleSauce
0x0000000023b3c000 	/System/Library/PrivateFrameworks/AssertionServices.framework/Versions/A/AssertionServices
0x0000000023b3c000 	/System/Library/PrivateFrameworks/BaseBoard.framework/Versions/A/BaseBoard
0x0000000023b3c000 	/usr/lib/libmecab.1.0.0.dylib
0x0000000023b3c000 	/usr/lib/libgermantok.dylib
0x0000000023b3c000 	/usr/lib/libThaiTokenizer.dylib
0x0000000023b3c000 	/usr/lib/libChineseTokenizer.dylib
0x0000000023b3c000 	/System/Library/PrivateFrameworks/LanguageModeling.framework/Versions/A/LanguageModeling
0x0000000023b3c000 	/System/Library/PrivateFrameworks/CoreEmoji.framework/Versions/A/CoreEmoji
0x0000000023b3c000 	/System/Library/PrivateFrameworks/Lexicon.framework/Versions/A/Lexicon
0x0000000023b3c000 	/System/Library/PrivateFrameworks/LinguisticData.framework/Versions/A/LinguisticData
0x0000000023b3c000 	/usr/lib/libcmph.dylib
0x0000000023b3c000 	/System/Library/Frameworks/ServiceManagement.framework/Versions/A/ServiceManagement
0x0000000023b3c000 	/System/Library/PrivateFrameworks/BackgroundTaskManagement.framework/Versions/A/BackgroundTaskManagement
0x0000000023b3c000 	/usr/lib/libxslt.1.dylib
0x0000000023b3c000 	/System/Library/Frameworks/Carbon.framework/Versions/A/Frameworks/Ink.framework/Versions/A/Ink
0x0000000023b3c000 	/System/Library/PrivateFrameworks/TextureIO.framework/Versions/A/TextureIO
0x0000000023b3c000 	/usr/lib/libate.dylib
0x0000000023b3c000 	/System/Library/PrivateFrameworks/CrashReporterSupport.framework/Versions/A/CrashReporterSupport
0x0000000023b3c000 	/System/Library/PrivateFrameworks/Sharing.framework/Versions/A/Sharing
0x0000000023b3c000 	/System/Library/PrivateFrameworks/AuthKit.framework/Versions/A/AuthKit
0x0000000023b3c000 	/System/Library/PrivateFrameworks/Apple80211.framework/Versions/A/Apple80211
0x0000000023b3c000 	/System/Library/PrivateFrameworks/CoreUtils.framework/Versions/A/CoreUtils
0x0000000023b3c000 	/System/Library/Frameworks/CoreWLAN.framework/Versions/A/CoreWLAN
0x0000000023b3c000 	/System/Library/Frameworks/IOBluetooth.framework/Versions/A/IOBluetooth
0x0000000023b3c000 	/System/Library/PrivateFrameworks/ProtocolBuffer.framework/Versions/A/ProtocolBuffer
0x0000000023b3c000 	/System/Library/PrivateFrameworks/MobileKeyBag.framework/Versions/A/MobileKeyBag
0x0000000023b3c000 	/System/Library/PrivateFrameworks/CorePhoneNumbers.framework/Versions/A/CorePhoneNumbers
0x0000000023b3c000 	/System/Library/PrivateFrameworks/AppleIDAuthSupport.framework/Versions/A/AppleIDAuthSupport
0x0000000023b3c000 	/System/Library/PrivateFrameworks/KeychainCircle.framework/Versions/A/KeychainCircle
0x0000000023b3c000 	/System/Library/PrivateFrameworks/ROCKit.framework/Versions/A/ROCKit
0x0000000023b3c000 	/System/Library/PrivateFrameworks/CoreWiFi.framework/Versions/A/CoreWiFi
0x0000000023b3c000 	/System/Library/Frameworks/CoreBluetooth.framework/Versions/A/CoreBluetooth
0x0000000023b3c000 	/System/Library/PrivateFrameworks/DebugSymbols.framework/Versions/A/DebugSymbols
0x0000000023b3c000 	/System/Library/PrivateFrameworks/CoreSymbolication.framework/Versions/A/CoreSymbolication
0x0000000023b3c000 	/System/Library/PrivateFrameworks/Symbolication.framework/Versions/A/Symbolication
0x0000000023b3c000 	/System/Library/PrivateFrameworks/SpeechRecognitionCore.framework/Versions/A/SpeechRecognitionCore
0x000000010be00000 	/Library/Java/JavaVirtualMachines/jdk1.8.0_141.jdk/Contents/Home/jre/lib/server/libjvm.dylib
0x0000000023b3c000 	/usr/lib/libstdc++.6.dylib
0x000000010b5b6000 	/Library/Java/JavaVirtualMachines/jdk1.8.0_141.jdk/Contents/Home/jre/lib/libverify.dylib
0x000000010b5c4000 	/Library/Java/JavaVirtualMachines/jdk1.8.0_141.jdk/Contents/Home/jre/lib/libjava.dylib
0x000000010cdef000 	/Library/Java/JavaVirtualMachines/jdk1.8.0_141.jdk/Contents/Home/jre/lib/libzip.dylib
0x0000000023b3c000 	/System/Library/Frameworks/JavaVM.framework/Versions/A/Frameworks/JavaRuntimeSupport.framework/Versions/A/JavaRuntimeSupport
0x0000000023b3c000 	/System/Library/Frameworks/JavaVM.framework/Versions/A/Frameworks/JavaNativeFoundation.framework/Versions/A/JavaNativeFoundation
0x0000000023b3c000 	/System/Library/Frameworks/JavaVM.framework/Versions/A/JavaVM
0x0000000023b3c000 	/System/Library/Frameworks/Carbon.framework/Versions/A/Carbon
0x0000000023b3c000 	/System/Library/PrivateFrameworks/JavaLaunching.framework/Versions/A/JavaLaunching
0x0000000023b3c000 	/System/Library/Frameworks/Carbon.framework/Versions/A/Frameworks/CommonPanels.framework/Versions/A/CommonPanels
0x0000000023b3c000 	/System/Library/Frameworks/Carbon.framework/Versions/A/Frameworks/Help.framework/Versions/A/Help
0x0000000023b3c000 	/System/Library/Frameworks/Carbon.framework/Versions/A/Frameworks/ImageCapture.framework/Versions/A/ImageCapture
0x0000000023b3c000 	/System/Library/Frameworks/Carbon.framework/Versions/A/Frameworks/OpenScripting.framework/Versions/A/OpenScripting
0x0000000023b3c000 	/System/Library/Frameworks/Carbon.framework/Versions/A/Frameworks/Print.framework/Versions/A/Print
0x0000000023b3c000 	/System/Library/Frameworks/Carbon.framework/Versions/A/Frameworks/SecurityHI.framework/Versions/A/SecurityHI
0x000000012446a000 	/Library/Java/JavaVirtualMachines/jdk1.8.0_141.jdk/Contents/Home/jre/lib/libmanagement.dylib
0x0000000124478000 	/Library/Java/JavaVirtualMachines/jdk1.8.0_141.jdk/Contents/Home/jre/lib/libnet.dylib
0x00000001244f3000 	/Library/Java/JavaVirtualMachines/jdk1.8.0_141.jdk/Contents/Home/jre/lib/libnio.dylib

VM Arguments:
java_command: DropWizardExample-0.0.1-SNAPSHOT.jar server
java_class_path (initial): DropWizardExample-0.0.1-SNAPSHOT.jar
Launcher Type: SUN_STANDARD

Environment Variables:
PATH=/usr/local/bin:/usr/bin:/bin:/usr/sbin:/sbin:/Library/TeX/texbin
SHELL=/bin/bash

Signal Handlers:
SIGSEGV: [libjvm.dylib+0x5b26e5], sa_mask[0]=11111111011111110111111111111111, sa_flags=SA_ONSTACK|SA_RESTART|SA_SIGINFO
SIGBUS: [libjvm.dylib+0x5b26e5], sa_mask[0]=11111111011111110111111111111111, sa_flags=SA_RESTART|SA_SIGINFO
SIGFPE: [libjvm.dylib+0x489100], sa_mask[0]=11111111011111110111111111111111, sa_flags=SA_RESTART|SA_SIGINFO
SIGPIPE: [libjvm.dylib+0x489100], sa_mask[0]=11111111011111110111111111111111, sa_flags=SA_RESTART|SA_SIGINFO
SIGXFSZ: [libjvm.dylib+0x489100], sa_mask[0]=11111111011111110111111111111111, sa_flags=SA_RESTART|SA_SIGINFO
SIGILL: [libjvm.dylib+0x489100], sa_mask[0]=11111111011111110111111111111111, sa_flags=SA_RESTART|SA_SIGINFO
SIGUSR1: SIG_DFL, sa_mask[0]=11011111011111100000000111000110, sa_flags=none
SIGUSR2: [libjvm.dylib+0x488c1e], sa_mask[0]=00000000000000000000000000000000, sa_flags=SA_RESTART|SA_SIGINFO
SIGHUP: [libjvm.dylib+0x4871f5], sa_mask[0]=11111111011111110111111111111111, sa_flags=SA_RESTART|SA_SIGINFO
SIGINT: [libjvm.dylib+0x4871f5], sa_mask[0]=11111111011111110111111111111111, sa_flags=SA_RESTART|SA_SIGINFO
SIGTERM: [libjvm.dylib+0x4871f5], sa_mask[0]=11111111011111110111111111111111, sa_flags=SA_RESTART|SA_SIGINFO
SIGQUIT: [libjvm.dylib+0x4871f5], sa_mask[0]=11111111011111110111111111111111, sa_flags=SA_RESTART|SA_SIGINFO


---------------  S Y S T E M  ---------------

OS:Bsduname:Darwin 18.6.0 Darwin Kernel Version 18.6.0: Thu Apr 25 23:16:27 PDT 2019; root:xnu-4903.261.4~2/RELEASE_X86_64 x86_64
rlimit: STACK 8192k, CORE 0k, NPROC 709, NOFILE 10240, AS infinity
load average:2.30 1.96 1.74

CPU:total 4 (initial active 4) (2 cores per cpu, 2 threads per core) family 6 model 61 stepping 4, cmov, cx8, fxsr, mmx, sse, sse2, sse3, ssse3, sse4.1, sse4.2, popcnt, avx, avx2, aes, clmul, erms, 3dnowpref, lzcnt, ht, tsc, tscinvbit, bmi1, bmi2, adx

Memory: 4k page, physical 8388608k(333124k free)

/proc/meminfo:


vm_info: Java HotSpot(TM) 64-Bit Server VM (25.141-b15) for bsd-amd64 JRE (1.8.0_141-b15), built on Jul 12 2017 04:35:23 by "java_re" with gcc 4.2.1 (Based on Apple Inc. build 5658) (LLVM build 2336.11.00)

time: Sat Oct 19 22:03:53 2019
elapsed time: 137 seconds (0d 0h 2m 17s)

