#
# A fatal error has been detected by the Java Runtime Environment:
#
#  SIGBUS (0xa) at pc=0x0000000100754e92, pid=34404, tid=0x0000000000006103
#
# JRE version: Java(TM) SE Runtime Environment (8.0_141-b15) (build 1.8.0_141-b15)
# Java VM: Java HotSpot(TM) 64-Bit Server VM (25.141-b15 mixed mode bsd-amd64 compressed oops)
# Problematic frame:
# C  [libzip.dylib+0x2e92]  newEntry+0x154
#
# Failed to write core dump. Core dumps have been disabled. To enable core dumping, try "ulimit -c unlimited" before starting Java again
#
# If you would like to submit a bug report, please visit:
#   http://bugreport.java.com/bugreport/crash.jsp
# The crash happened outside the Java Virtual Machine in native code.
# See problematic frame for where to report the bug.
#

---------------  T H R E A D  ---------------

Current thread (0x00007fb8de3e2800):  JavaThread "Thread-11" [_thread_in_native, id=24835, stack(0x0000700002e97000,0x0000700002f97000)]

siginfo: si_signo: 10 (SIGBUS), si_code: 2 (BUS_ADRERR), si_addr: 0x000000010a460b5c

Registers:
RAX=0x00007fb8dcd1b960, RBX=0x000000010a460b50, RCX=0x0000000000000000, RDX=0x0000000000080000
RSP=0x0000700002f94490, RBP=0x0000700002f944f0, RSI=0x000000008dce4833, RDI=0x0000000000000483
R8 =0x000000008dce482f, R9 =0x00000000fff87fff, R10=0x00007fb8dce00000, R11=0x00006ff86a05d1de
R12=0x000000010a398000, R13=0x0000000000018d00, R14=0x000000009ac6435b, R15=0x00007fb8dcf04e80
RIP=0x0000000100754e92, EFLAGS=0x0000000000010206, ERR=0x0000000000000004
  TRAPNO=0x000000000000000e

Top of Stack: (sp=0x0000700002f94490)
0x0000700002f94490:   0000000000000000 0000000000000000
0x0000700002f944a0:   0000000000000000 0000000000000000
0x0000700002f944b0:   0000700002f944d0 00007fb8dcd1b960
0x0000700002f944c0:   00007fb8dce482e0 00007fb8dcd1b960
0x0000700002f944d0:   000000010a398000 0000000000018d00
0x0000700002f944e0:   000000009ac6435b 00007fb8dcf04e80
0x0000700002f944f0:   0000700002f94550 000000010075552d
0x0000700002f94500:   0000700002f9459a 0000700002f94599
0x0000700002f94510:   0000002a00000000 0000002b013e2800
0x0000700002f94520:   0000700002f9456e 0000700002f949b8
0x0000700002f94530:   000000000000002b 0000700002f9456e
0x0000700002f94540:   00007fb8dcd1b960 00007fb8de3e29f8
0x0000700002f94550:   0000700002f949a0 0000000100754238
0x0000700002f94560:   0000000000000000 726f000000000001
0x0000700002f94570:   7370696c63652f67 2f797474656a2f65
0x0000700002f94580:   7475462f6c697475 626c6c6143657275
0x0000700002f94590:   73616c632e6b6361 0000000000000073
0x0000700002f945a0:   000000000b14a9b0 0000000000000000
0x0000700002f945b0:   0000000000000000 0000000000000000
0x0000700002f945c0:   0000000000000000 0000000000000000
0x0000700002f945d0:   0000000000000000 0000000000000000
0x0000700002f945e0:   000000000b379aa8 0000000000000000
0x0000700002f945f0:   0000000000000000 000000000b39ac48
0x0000700002f94600:   000000000b39ac28 0000000000000000
0x0000700002f94610:   0000000000000000 0000000000000000
0x0000700002f94620:   0000000000000000 0000000000000000
0x0000700002f94630:   0000000000000000 0000000000000000
0x0000700002f94640:   0000000000000000 0000000000000000
0x0000700002f94650:   0000000000000000 0000000000000000
0x0000700002f94660:   0000000000000000 0000000000000000
0x0000700002f94670:   000000000b379a88 0000000000000000
0x0000700002f94680:   0000000000000000 0000000000000000 

Instructions: (pc=0x0000000100754e92)
0x0000000100754e72:   49 8b 7f 38 e8 5b 1b 00 00 4d 89 77 38 49 89 5f
0x0000000100754e82:   40 4c 89 f0 48 85 c0 0f 84 11 05 00 00 48 89 c3
0x0000000100754e92:   0f b6 43 0c 0f b6 4b 0d 48 c1 e1 08 48 01 c1 0f
0x0000000100754ea2:   b6 43 0e 0f b6 53 0f 48 c1 e2 08 48 01 c2 48 c1 

Register to memory mapping:

RAX=0x00007fb8dcd1b960 is an unknown value
RBX=0x000000010a460b50 is an unknown value
RCX=0x0000000000000000 is an unknown value
RDX=0x0000000000080000 is an unknown value
RSP=0x0000700002f94490 is pointing into the stack for thread: 0x00007fb8de3e2800
RBP=0x0000700002f944f0 is pointing into the stack for thread: 0x00007fb8de3e2800
RSI=0x000000008dce4833 is an unknown value
RDI=0x0000000000000483 is an unknown value
R8 =0x000000008dce482f is an unknown value
R9 =0x00000000fff87fff is an unknown value
R10=0x00007fb8dce00000 is an unknown value
R11=0x00006ff86a05d1de is an unknown value
R12=0x000000010a398000 is an unknown value
R13=0x0000000000018d00 is an unknown value
R14=0x000000009ac6435b is an unknown value
R15=0x00007fb8dcf04e80 is an unknown value


Stack: [0x0000700002e97000,0x0000700002f97000],  sp=0x0000700002f94490,  free space=1013k
Native frames: (J=compiled Java code, j=interpreted, Vv=VM code, C=native code)
C  [libzip.dylib+0x2e92]  newEntry+0x154
C  [libzip.dylib+0x352d]  ZIP_GetEntry2+0xd4
C  [libzip.dylib+0x2238]  Java_java_util_zip_ZipFile_getEntry+0xcf
J 192  java.util.zip.ZipFile.getEntry(J[BZ)J (0 bytes) @ 0x000000010d566d8e [0x000000010d566cc0+0xce]
J 1747 C2 sun.misc.URLClassPath$JarLoader.getResource(Ljava/lang/String;Z)Lsun/misc/Resource; (85 bytes) @ 0x000000010d956110 [0x000000010d955bc0+0x550]
J 1264 C2 sun.misc.URLClassPath.getResource(Ljava/lang/String;Z)Lsun/misc/Resource; (83 bytes) @ 0x000000010d800d2c [0x000000010d800be0+0x14c]
J 236 C1 java.net.URLClassLoader$1.run()Ljava/lang/Class; (63 bytes) @ 0x000000010d575aac [0x000000010d5758a0+0x20c]
J 208 C1 java.net.URLClassLoader$1.run()Ljava/lang/Object; (5 bytes) @ 0x000000010d56f98c [0x000000010d56f900+0x8c]
v  ~StubRoutines::call_stub
V  [libjvm.dylib+0x2ee70a]  JavaCalls::call_helper(JavaValue*, methodHandle*, JavaCallArguments*, Thread*)+0x6ae
V  [libjvm.dylib+0x34ee68]  JVM_DoPrivileged+0x4b8
J 171  java.security.AccessController.doPrivileged(Ljava/security/PrivilegedExceptionAction;Ljava/security/AccessControlContext;)Ljava/lang/Object; (0 bytes) @ 0x000000010d559bd5 [0x000000010d559b00+0xd5]
J 2326 C2 java.net.URLClassLoader.findClass(Ljava/lang/String;)Ljava/lang/Class; (47 bytes) @ 0x000000010dad16bc [0x000000010dad1620+0x9c]
J 2217 C2 java.lang.ClassLoader.loadClass(Ljava/lang/String;Z)Ljava/lang/Class; (122 bytes) @ 0x000000010dae39ec [0x000000010dae2f20+0xacc]
J 194 C1 sun.misc.Launcher$AppClassLoader.loadClass(Ljava/lang/String;Z)Ljava/lang/Class; (85 bytes) @ 0x000000010d567ea4 [0x000000010d567500+0x9a4]
J 193 C1 java.lang.ClassLoader.loadClass(Ljava/lang/String;)Ljava/lang/Class; (7 bytes) @ 0x000000010d567144 [0x000000010d567040+0x104]
v  ~StubRoutines::call_stub
V  [libjvm.dylib+0x2ee70a]  JavaCalls::call_helper(JavaValue*, methodHandle*, JavaCallArguments*, Thread*)+0x6ae
V  [libjvm.dylib+0x2eeeae]  JavaCalls::call_virtual(JavaValue*, KlassHandle, Symbol*, Symbol*, JavaCallArguments*, Thread*)+0x164
V  [libjvm.dylib+0x2ef006]  JavaCalls::call_virtual(JavaValue*, Handle, KlassHandle, Symbol*, Symbol*, Handle, Thread*)+0x56
V  [libjvm.dylib+0x53d236]  SystemDictionary::load_instance_class(Symbol*, Handle, Thread*)+0x2d8
V  [libjvm.dylib+0x53c9fe]  SystemDictionary::resolve_instance_class_or_null(Symbol*, Handle, Handle, Thread*)+0x484
V  [libjvm.dylib+0x53d452]  SystemDictionary::resolve_or_null(Symbol*, Handle, Handle, Thread*)+0x106
V  [libjvm.dylib+0x53db05]  SystemDictionary::resolve_or_fail(Symbol*, Handle, Handle, bool, Thread*)+0x31
V  [libjvm.dylib+0x1e3306]  ConstantPool::klass_at_impl(constantPoolHandle, int, Thread*)+0x2ee
V  [libjvm.dylib+0x1f3756]  ConstantPool::klass_at(int, Thread*)+0x92
V  [libjvm.dylib+0x2ea12b]  InterpreterRuntime::_new(JavaThread*, ConstantPool*, int)+0x2d
j  org.eclipse.jetty.server.AbstractConnector.shutdown()Ljava/util/concurrent/Future;+0
j  org.eclipse.jetty.server.AbstractNetworkConnector.shutdown()Ljava/util/concurrent/Future;+5
j  org.eclipse.jetty.server.ServerConnector.shutdown()Ljava/util/concurrent/Future;+1
j  org.eclipse.jetty.server.Server.doStop()V+89
j  org.eclipse.jetty.util.component.AbstractLifeCycle.stop()V+30
j  org.eclipse.jetty.util.thread.ShutdownThread.run()V+41
v  ~StubRoutines::call_stub
V  [libjvm.dylib+0x2ee70a]  JavaCalls::call_helper(JavaValue*, methodHandle*, JavaCallArguments*, Thread*)+0x6ae
V  [libjvm.dylib+0x2eeeae]  JavaCalls::call_virtual(JavaValue*, KlassHandle, Symbol*, Symbol*, JavaCallArguments*, Thread*)+0x164
V  [libjvm.dylib+0x2ef05a]  JavaCalls::call_virtual(JavaValue*, Handle, KlassHandle, Symbol*, Symbol*, Thread*)+0x4a
V  [libjvm.dylib+0x3497b1]  thread_entry(JavaThread*, Thread*)+0x7c
V  [libjvm.dylib+0x56c0b3]  JavaThread::thread_main_inner()+0x9b
V  [libjvm.dylib+0x56d7a0]  JavaThread::run()+0x1c2
V  [libjvm.dylib+0x48baee]  java_start(Thread*)+0xf6
C  [libsystem_pthread.dylib+0x32eb]  _pthread_body+0x7e
C  [libsystem_pthread.dylib+0x6249]  _pthread_start+0x42
C  [libsystem_pthread.dylib+0x240d]  thread_start+0xd
C  0x0000000000000000

Java frames: (J=compiled Java code, j=interpreted, Vv=VM code)
J 192  java.util.zip.ZipFile.getEntry(J[BZ)J (0 bytes) @ 0x000000010d566d18 [0x000000010d566cc0+0x58]
J 1747 C2 sun.misc.URLClassPath$JarLoader.getResource(Ljava/lang/String;Z)Lsun/misc/Resource; (85 bytes) @ 0x000000010d956110 [0x000000010d955bc0+0x550]
J 1264 C2 sun.misc.URLClassPath.getResource(Ljava/lang/String;Z)Lsun/misc/Resource; (83 bytes) @ 0x000000010d800d2c [0x000000010d800be0+0x14c]
J 236 C1 java.net.URLClassLoader$1.run()Ljava/lang/Class; (63 bytes) @ 0x000000010d575aac [0x000000010d5758a0+0x20c]
J 208 C1 java.net.URLClassLoader$1.run()Ljava/lang/Object; (5 bytes) @ 0x000000010d56f98c [0x000000010d56f900+0x8c]
v  ~StubRoutines::call_stub
J 171  java.security.AccessController.doPrivileged(Ljava/security/PrivilegedExceptionAction;Ljava/security/AccessControlContext;)Ljava/lang/Object; (0 bytes) @ 0x000000010d559b63 [0x000000010d559b00+0x63]
J 2326 C2 java.net.URLClassLoader.findClass(Ljava/lang/String;)Ljava/lang/Class; (47 bytes) @ 0x000000010dad16bc [0x000000010dad1620+0x9c]
J 2217 C2 java.lang.ClassLoader.loadClass(Ljava/lang/String;Z)Ljava/lang/Class; (122 bytes) @ 0x000000010dae39ec [0x000000010dae2f20+0xacc]
J 194 C1 sun.misc.Launcher$AppClassLoader.loadClass(Ljava/lang/String;Z)Ljava/lang/Class; (85 bytes) @ 0x000000010d567ea4 [0x000000010d567500+0x9a4]
J 193 C1 java.lang.ClassLoader.loadClass(Ljava/lang/String;)Ljava/lang/Class; (7 bytes) @ 0x000000010d567144 [0x000000010d567040+0x104]
v  ~StubRoutines::call_stub
j  org.eclipse.jetty.server.AbstractConnector.shutdown()Ljava/util/concurrent/Future;+0
j  org.eclipse.jetty.server.AbstractNetworkConnector.shutdown()Ljava/util/concurrent/Future;+5
j  org.eclipse.jetty.server.ServerConnector.shutdown()Ljava/util/concurrent/Future;+1
j  org.eclipse.jetty.server.Server.doStop()V+89
j  org.eclipse.jetty.util.component.AbstractLifeCycle.stop()V+30
j  org.eclipse.jetty.util.thread.ShutdownThread.run()V+41
v  ~StubRoutines::call_stub

---------------  P R O C E S S  ---------------

Java Threads: ( => current thread )
=>0x00007fb8de3e2800 JavaThread "Thread-11" [_thread_in_native, id=24835, stack(0x0000700002e97000,0x0000700002f97000)]
  0x00007fb8dd5c5000 JavaThread "SIGINT handler" daemon [_thread_blocked, id=39443, stack(0x0000700002a8b000,0x0000700002b8b000)]
  0x00007fb8dd5c4800 JavaThread "dw-admin-40" [_thread_blocked, id=21779, stack(0x0000700001f6a000,0x000070000206a000)]
  0x00007fb8de47c000 JavaThread "Scheduler-1648582256" [_thread_blocked, id=3851, stack(0x0000700002b8e000,0x0000700002c8e000)]
  0x00007fb8dec77000 JavaThread "dw-31" [_thread_in_native, id=24323, stack(0x0000700002c91000,0x0000700002d91000)]
  0x00007fb8de30d800 JavaThread "DestroyJavaVM" [_thread_blocked, id=10243, stack(0x0000700000c31000,0x0000700000d31000)]
  0x00007fb8dd66e800 JavaThread "dw-admin-27-acceptor-1@296ee721-admin@16f7b4af{HTTP/1.1,[http/1.1]}{0.0.0.0:8081}" [_thread_blocked, id=40451, stack(0x0000700002988000,0x0000700002a88000)]
  0x00007fb8dd66d800 JavaThread "dw-admin-26-acceptor-0@454f7258-admin@16f7b4af{HTTP/1.1,[http/1.1]}{0.0.0.0:8081}" [_thread_in_native, id=23811, stack(0x0000700002885000,0x0000700002985000)]
  0x00007fb8dec72000 JavaThread "dw-admin-25" [_thread_in_native, id=23299, stack(0x0000700002782000,0x0000700002882000)]
  0x00007fb8dd66d000 JavaThread "dw-admin-24" [_thread_in_native, id=41223, stack(0x000070000257c000,0x000070000267c000)]
  0x00007fb8deb82800 JavaThread "dw-admin-23" [_thread_in_native, id=23043, stack(0x000070000267f000,0x000070000277f000)]
  0x00007fb8dd3fd000 JavaThread "dw-admin-21" [_thread_in_native, id=41731, stack(0x0000700002479000,0x0000700002579000)]
  0x00007fb8de297800 JavaThread "dw-19" [_thread_blocked, id=42243, stack(0x0000700002376000,0x0000700002476000)]
  0x00007fb8deb6e000 JavaThread "dw-18" [_thread_in_native, id=42755, stack(0x0000700002273000,0x0000700002373000)]
  0x00007fb8de297000 JavaThread "dw-17-acceptor-1@6a4fa568-application@6731787b{HTTP/1.1,[http/1.1]}{0.0.0.0:8080}" [_thread_blocked, id=22531, stack(0x0000700002170000,0x0000700002270000)]
  0x00007fb8dd84f000 JavaThread "dw-16-acceptor-0@3fd8790a-application@6731787b{HTTP/1.1,[http/1.1]}{0.0.0.0:8080}" [_thread_blocked, id=22019, stack(0x000070000206d000,0x000070000216d000)]
  0x00007fb8de1bf000 JavaThread "dw-14" [_thread_blocked, id=15363, stack(0x0000700001e67000,0x0000700001f67000)]
  0x00007fb8deb6d800 JavaThread "dw-13" [_thread_in_native, id=15875, stack(0x0000700001d64000,0x0000700001e64000)]
  0x00007fb8deabb800 JavaThread "dw-12" [_thread_in_native, id=14595, stack(0x0000700001c61000,0x0000700001d61000)]
  0x00007fb8dd3fc000 JavaThread "AsyncAppender-Worker-async-console-appender" daemon [_thread_blocked, id=16131, stack(0x0000700001b5e000,0x0000700001c5e000)]
  0x00007fb8dd2ea800 JavaThread "AsyncAppender-Worker-async-console-appender" daemon [_thread_blocked, id=13827, stack(0x0000700001a5b000,0x0000700001b5b000)]
  0x00007fb8dd843800 JavaThread "Service Thread" daemon [_thread_blocked, id=16643, stack(0x0000700001855000,0x0000700001955000)]
  0x00007fb8dd831000 JavaThread "C1 CompilerThread2" daemon [_thread_blocked, id=17155, stack(0x0000700001752000,0x0000700001852000)]
  0x00007fb8dd830000 JavaThread "C2 CompilerThread1" daemon [_thread_blocked, id=17411, stack(0x000070000164f000,0x000070000174f000)]
  0x00007fb8dd818000 JavaThread "C2 CompilerThread0" daemon [_thread_blocked, id=12803, stack(0x000070000154c000,0x000070000164c000)]
  0x00007fb8dd039000 JavaThread "Signal Dispatcher" daemon [_thread_blocked, id=18179, stack(0x0000700001449000,0x0000700001549000)]
  0x00007fb8de02b000 JavaThread "Finalizer" daemon [_thread_blocked, id=19971, stack(0x0000700001346000,0x0000700001446000)]
  0x00007fb8dd80a000 JavaThread "Reference Handler" daemon [_thread_blocked, id=20483, stack(0x0000700001243000,0x0000700001343000)]

Other Threads:
  0x00007fb8de028000 VMThread [stack: 0x0000700001140000,0x0000700001240000] [id=11267]
  0x00007fb8dd844800 WatcherThread [stack: 0x0000700001958000,0x0000700001a58000] [id=16387]

VM state:not at safepoint (normal execution)

VM Mutex/Monitor currently owned by a thread: None

Heap:
 PSYoungGen      total 71680K, used 59541K [0x0000000795580000, 0x000000079e180000, 0x00000007c0000000)
  eden space 66560K, 89% used [0x0000000795580000,0x0000000798fa55e0,0x0000000799680000)
  from space 5120K, 0% used [0x0000000799680000,0x0000000799680000,0x0000000799b80000)
  to   space 5120K, 0% used [0x000000079dc80000,0x000000079dc80000,0x000000079e180000)
 ParOldGen       total 63488K, used 7671K [0x0000000740000000, 0x0000000743e00000, 0x0000000795580000)
  object space 63488K, 12% used [0x0000000740000000,0x000000074077de98,0x0000000743e00000)
 Metaspace       used 27103K, capacity 27406K, committed 27776K, reserved 1073152K
  class space    used 3541K, capacity 3654K, committed 3712K, reserved 1048576K

Card table byte_map: [0x0000000102367000,0x0000000102768000] byte_map_base: 0x00000000fe967000

Marking Bits: (ParMarkBitMap*) 0x00000001018f35d0
 Begin Bits: [0x0000000102a13000, 0x0000000104a13000)
 End Bits:   [0x0000000104a13000, 0x0000000106a13000)

Polling page: 0x0000000100708000

CodeCache: size=245760Kb used=7329Kb max_used=7382Kb free=238431Kb
 bounds [0x000000010d3f6000, 0x000000010db36000, 0x000000011c3f6000]
 total_blobs=2883 nmethods=2449 adapters=347
 compilation: enabled

Compilation events (10 events):
Event: 68.687 Thread 0x00007fb8dd831000 2471       3       org.glassfish.jersey.internal.util.collection.KeyComparatorHashMap::indexFor (6 bytes)
Event: 68.687 Thread 0x00007fb8dd831000 nmethod 2471 0x000000010d4f5750 code [0x000000010d4f58a0, 0x000000010d4f59d0]
Event: 68.688 Thread 0x00007fb8dd831000 2474       1       org.glassfish.jersey.process.internal.Stage$Continuation::next (5 bytes)
Event: 68.688 Thread 0x00007fb8dd831000 nmethod 2474 0x000000010d5110d0 code [0x000000010d511220, 0x000000010d511330]
Event: 89.935 Thread 0x00007fb8dd831000 2478       3       sun.misc.Unsafe::getAndAddLong (27 bytes)
Event: 89.936 Thread 0x00007fb8dd831000 nmethod 2478 0x000000010d50ff90 code [0x000000010d510100, 0x000000010d510310]
Event: 98.689 Thread 0x00007fb8dd831000 2479       3       org.eclipse.jetty.util.thread.Locker$Lock::close (35 bytes)
Event: 98.689 Thread 0x00007fb8dd831000 nmethod 2479 0x000000010d53ac10 code [0x000000010d53ada0, 0x000000010d53b248]
Event: 493.536 Thread 0x00007fb8dd831000 2480       3       java.util.logging.LogManager$LoggerContext::ensureDefaultLogger (70 bytes)
Event: 493.538 Thread 0x00007fb8dd831000 nmethod 2480 0x000000010d506490 code [0x000000010d506660, 0x000000010d506f08]

GC Heap History (8 events):
Event: 0.836 GC heap before
{Heap before GC invocations=1 (full 0):
 PSYoungGen      total 38400K, used 33280K [0x0000000795580000, 0x0000000798000000, 0x00000007c0000000)
  eden space 33280K, 100% used [0x0000000795580000,0x0000000797600000,0x0000000797600000)
  from space 5120K, 0% used [0x0000000797b00000,0x0000000797b00000,0x0000000798000000)
  to   space 5120K, 0% used [0x0000000797600000,0x0000000797600000,0x0000000797b00000)
 ParOldGen       total 87552K, used 0K [0x0000000740000000, 0x0000000745580000, 0x0000000795580000)
  object space 87552K, 0% used [0x0000000740000000,0x0000000740000000,0x0000000745580000)
 Metaspace       used 14426K, capacity 14632K, committed 14720K, reserved 1062912K
  class space    used 1788K, capacity 1857K, committed 1920K, reserved 1048576K
Event: 0.846 GC heap after
Heap after GC invocations=1 (full 0):
 PSYoungGen      total 38400K, used 5094K [0x0000000795580000, 0x000000079a080000, 0x00000007c0000000)
  eden space 33280K, 0% used [0x0000000795580000,0x0000000795580000,0x0000000797600000)
  from space 5120K, 99% used [0x0000000797600000,0x0000000797af9b18,0x0000000797b00000)
  to   space 5120K, 0% used [0x0000000799b80000,0x0000000799b80000,0x000000079a080000)
 ParOldGen       total 87552K, used 3697K [0x0000000740000000, 0x0000000745580000, 0x0000000795580000)
  object space 87552K, 4% used [0x0000000740000000,0x000000074039c5c0,0x0000000745580000)
 Metaspace       used 14426K, capacity 14632K, committed 14720K, reserved 1062912K
  class space    used 1788K, capacity 1857K, committed 1920K, reserved 1048576K
}
Event: 1.572 GC heap before
{Heap before GC invocations=2 (full 0):
 PSYoungGen      total 38400K, used 38374K [0x0000000795580000, 0x000000079a080000, 0x00000007c0000000)
  eden space 33280K, 100% used [0x0000000795580000,0x0000000797600000,0x0000000797600000)
  from space 5120K, 99% used [0x0000000797600000,0x0000000797af9b18,0x0000000797b00000)
  to   space 5120K, 0% used [0x0000000799b80000,0x0000000799b80000,0x000000079a080000)
 ParOldGen       total 87552K, used 3697K [0x0000000740000000, 0x0000000745580000, 0x0000000795580000)
  object space 87552K, 4% used [0x0000000740000000,0x000000074039c5c0,0x0000000745580000)
 Metaspace       used 19213K, capacity 19458K, committed 19712K, reserved 1067008K
  class space    used 2401K, capacity 2486K, committed 2560K, reserved 1048576K
Event: 1.587 GC heap after
Heap after GC invocations=2 (full 0):
 PSYoungGen      total 71680K, used 5104K [0x0000000795580000, 0x000000079a080000, 0x00000007c0000000)
  eden space 66560K, 0% used [0x0000000795580000,0x0000000795580000,0x0000000799680000)
  from space 5120K, 99% used [0x0000000799b80000,0x000000079a07c010,0x000000079a080000)
  to   space 5120K, 0% used [0x0000000799680000,0x0000000799680000,0x0000000799b80000)
 ParOldGen       total 87552K, used 7444K [0x0000000740000000, 0x0000000745580000, 0x0000000795580000)
  object space 87552K, 8% used [0x0000000740000000,0x00000007407453a8,0x0000000745580000)
 Metaspace       used 19213K, capacity 19458K, committed 19712K, reserved 1067008K
  class space    used 2401K, capacity 2486K, committed 2560K, reserved 1048576K
}
Event: 1.757 GC heap before
{Heap before GC invocations=3 (full 0):
 PSYoungGen      total 71680K, used 13137K [0x0000000795580000, 0x000000079a080000, 0x00000007c0000000)
  eden space 66560K, 12% used [0x0000000795580000,0x0000000795d58790,0x0000000799680000)
  from space 5120K, 99% used [0x0000000799b80000,0x000000079a07c010,0x000000079a080000)
  to   space 5120K, 0% used [0x0000000799680000,0x0000000799680000,0x0000000799b80000)
 ParOldGen       total 87552K, used 7444K [0x0000000740000000, 0x0000000745580000, 0x0000000795580000)
  object space 87552K, 8% used [0x0000000740000000,0x00000007407453a8,0x0000000745580000)
 Metaspace       used 20850K, capacity 21064K, committed 21248K, reserved 1067008K
  class space    used 2647K, capacity 2745K, committed 2816K, reserved 1048576K
Event: 1.770 GC heap after
Heap after GC invocations=3 (full 0):
 PSYoungGen      total 71680K, used 5120K [0x0000000795580000, 0x000000079e180000, 0x00000007c0000000)
  eden space 66560K, 0% used [0x0000000795580000,0x0000000795580000,0x0000000799680000)
  from space 5120K, 100% used [0x0000000799680000,0x0000000799b80000,0x0000000799b80000)
  to   space 5120K, 0% used [0x000000079dc80000,0x000000079dc80000,0x000000079e180000)
 ParOldGen       total 87552K, used 9646K [0x0000000740000000, 0x0000000745580000, 0x0000000795580000)
  object space 87552K, 11% used [0x0000000740000000,0x000000074096bb80,0x0000000745580000)
 Metaspace       used 20850K, capacity 21064K, committed 21248K, reserved 1067008K
  class space    used 2647K, capacity 2745K, committed 2816K, reserved 1048576K
}
Event: 1.770 GC heap before
{Heap before GC invocations=4 (full 1):
 PSYoungGen      total 71680K, used 5120K [0x0000000795580000, 0x000000079e180000, 0x00000007c0000000)
  eden space 66560K, 0% used [0x0000000795580000,0x0000000795580000,0x0000000799680000)
  from space 5120K, 100% used [0x0000000799680000,0x0000000799b80000,0x0000000799b80000)
  to   space 5120K, 0% used [0x000000079dc80000,0x000000079dc80000,0x000000079e180000)
 ParOldGen       total 87552K, used 9646K [0x0000000740000000, 0x0000000745580000, 0x0000000795580000)
  object space 87552K, 11% used [0x0000000740000000,0x000000074096bb80,0x0000000745580000)
 Metaspace       used 20850K, capacity 21064K, committed 21248K, reserved 1067008K
  class space    used 2647K, capacity 2745K, committed 2816K, reserved 1048576K
Event: 1.840 GC heap after
Heap after GC invocations=4 (full 1):
 PSYoungGen      total 71680K, used 0K [0x0000000795580000, 0x000000079e180000, 0x00000007c0000000)
  eden space 66560K, 0% used [0x0000000795580000,0x0000000795580000,0x0000000799680000)
  from space 5120K, 0% used [0x0000000799680000,0x0000000799680000,0x0000000799b80000)
  to   space 5120K, 0% used [0x000000079dc80000,0x000000079dc80000,0x000000079e180000)
 ParOldGen       total 63488K, used 7671K [0x0000000740000000, 0x0000000743e00000, 0x0000000795580000)
  object space 63488K, 12% used [0x0000000740000000,0x000000074077de98,0x0000000743e00000)
 Metaspace       used 20850K, capacity 21064K, committed 21248K, reserved 1067008K
  class space    used 2647K, capacity 2745K, committed 2816K, reserved 1048576K
}

Deoptimization events (10 events):
Event: 9.463 Thread 0x00007fb8de297800 Uncommon trap: reason=unstable_if action=reinterpret pc=0x000000010d6d61e0 method=java.lang.CharacterDataLatin1.isWhitespace(I)Z @ 14
Event: 9.521 Thread 0x00007fb8de297800 Uncommon trap: reason=bimorphic action=maybe_recompile pc=0x000000010dad4760 method=org.glassfish.hk2.utilities.general.Hk2ThreadLocal.get()Ljava/lang/Object; @ 114
Event: 9.590 Thread 0x00007fb8de297800 Uncommon trap: reason=unstable_if action=reinterpret pc=0x000000010daad5ac method=java.util.concurrent.ConcurrentHashMap.get(Ljava/lang/Object;)Ljava/lang/Object; @ 99
Event: 9.683 Thread 0x00007fb8dec77000 Uncommon trap: reason=unstable_if action=reinterpret pc=0x000000010d970f0c method=java.util.HashMap$HashIterator.<init>(Ljava/util/HashMap;)V @ 45
Event: 9.683 Thread 0x00007fb8dec77000 Uncommon trap: reason=unstable_if action=reinterpret pc=0x000000010d8a560c method=java.util.HashMap$HashIterator.<init>(Ljava/util/HashMap;)V @ 45
Event: 17.719 Thread 0x00007fb8dec77000 Uncommon trap: reason=bimorphic action=maybe_recompile pc=0x000000010dad4760 method=org.glassfish.hk2.utilities.general.Hk2ThreadLocal.get()Ljava/lang/Object; @ 114
Event: 17.720 Thread 0x00007fb8dec77000 Uncommon trap: reason=unstable_if action=reinterpret pc=0x000000010d8e0b8c method=java.util.LinkedHashMap.get(Ljava/lang/Object;)Ljava/lang/Object; @ 20
Event: 17.725 Thread 0x00007fb8deb6e000 Uncommon trap: reason=unstable_if action=reinterpret pc=0x000000010d86c0bc method=java.util.HashMap$HashIterator.<init>(Ljava/util/HashMap;)V @ 45
Event: 26.084 Thread 0x00007fb8deb6d800 Uncommon trap: reason=bimorphic action=maybe_recompile pc=0x000000010dad4760 method=org.glassfish.hk2.utilities.general.Hk2ThreadLocal.get()Ljava/lang/Object; @ 114
Event: 41.178 Thread 0x00007fb8deb6e000 Uncommon trap: reason=bimorphic action=maybe_recompile pc=0x000000010dad4760 method=org.glassfish.hk2.utilities.general.Hk2ThreadLocal.get()Ljava/lang/Object; @ 114

Internal exceptions (10 events):
Event: 0.960 Thread 0x00007fb8dd005800 Exception <a 'java/lang/ArrayIndexOutOfBoundsException': 40> (0x0000000795ac7140) thrown at [/Users/java_re/workspace/8-2-build-macosx-x86_64/jdk8u141/9370/hotspot/src/share/vm/interpreter/interpreterRuntime.cpp, line 366]
Event: 0.960 Thread 0x00007fb8dd005800 Exception <a 'java/lang/ArrayIndexOutOfBoundsException': 139> (0x0000000795ac8c70) thrown at [/Users/java_re/workspace/8-2-build-macosx-x86_64/jdk8u141/9370/hotspot/src/share/vm/interpreter/interpreterRuntime.cpp, line 366]
Event: 0.960 Thread 0x00007fb8dd005800 Exception <a 'java/lang/ArrayIndexOutOfBoundsException': 139> (0x0000000795aca9a0) thrown at [/Users/java_re/workspace/8-2-build-macosx-x86_64/jdk8u141/9370/hotspot/src/share/vm/interpreter/interpreterRuntime.cpp, line 366]
Event: 0.960 Thread 0x00007fb8dd005800 Exception <a 'java/lang/ArrayIndexOutOfBoundsException': 92> (0x0000000795acc098) thrown at [/Users/java_re/workspace/8-2-build-macosx-x86_64/jdk8u141/9370/hotspot/src/share/vm/interpreter/interpreterRuntime.cpp, line 366]
Event: 1.237 Thread 0x00007fb8dd005800 Implicit null exception at 0x000000010d6718b3 to 0x000000010d671c91
Event: 1.237 Thread 0x00007fb8dd005800 Implicit null exception at 0x000000010d5e0574 to 0x000000010d5e09a5
Event: 1.505 Thread 0x00007fb8dd005800 Exception <a 'java/lang/NoSuchMethodError': org.slf4j.impl.StaticMDCBinder.getSingleton()Lorg/slf4j/impl/StaticMDCBinder;> (0x00000007972fb088) thrown at [/Users/java_re/workspace/8-2-build-macosx-x86_64/jdk8u141/9370/hotspot/src/share/vm/interpreter/link
Event: 1.688 Thread 0x00007fb8dd005800 Exception <a 'java/io/FileNotFoundException'> (0x0000000795a5f570) thrown at [/Users/java_re/workspace/8-2-build-macosx-x86_64/jdk8u141/9370/hotspot/src/share/vm/prims/jni.cpp, line 709]
Event: 1.689 Thread 0x00007fb8dd005800 Exception <a 'java/io/FileNotFoundException'> (0x0000000795ab9ad0) thrown at [/Users/java_re/workspace/8-2-build-macosx-x86_64/jdk8u141/9370/hotspot/src/share/vm/prims/jni.cpp, line 709]
Event: 493.535 Thread 0x00007fb8dd84f000 Exception <a 'java/io/IOException'> (0x0000000797bb9240) thrown at [/Users/java_re/workspace/8-2-build-macosx-x86_64/jdk8u141/9370/hotspot/src/share/vm/prims/jni.cpp, line 709]

Events (10 events):
Event: 493.530 loading class sun/misc/Signal$1
Event: 493.532 loading class sun/misc/Signal$1 done
Event: 493.532 Thread 0x00007fb8dd5c5000 Thread added: 0x00007fb8dd5c5000
Event: 493.533 Thread 0x00007fb8de305800 Thread added: 0x00007fb8de305800
Event: 493.533 Thread 0x00007fb8de3e2800 Thread added: 0x00007fb8de3e2800
Event: 493.535 loading class java/nio/channels/AsynchronousCloseException
Event: 493.535 loading class java/nio/channels/AsynchronousCloseException done
Event: 493.536 Thread 0x00007fb8de305800 Thread exited: 0x00007fb8de305800
Event: 493.537 loading class org/eclipse/jetty/util/FutureCallback
Event: 493.537 loading class org/eclipse/jetty/util/FutureCallback done


Dynamic libraries:
0x0000000023b3c000 	/System/Library/Frameworks/Cocoa.framework/Versions/A/Cocoa
0x0000000023b3c000 	/System/Library/Frameworks/Security.framework/Versions/A/Security
0x0000000023b3c000 	/System/Library/Frameworks/ApplicationServices.framework/Versions/A/ApplicationServices
0x0000000023b3c000 	/usr/lib/libz.1.dylib
0x0000000023b3c000 	/usr/lib/libSystem.B.dylib
0x0000000023b3c000 	/usr/lib/libobjc.A.dylib
0x0000000023b3c000 	/System/Library/Frameworks/CoreFoundation.framework/Versions/A/CoreFoundation
0x0000000023b3c000 	/System/Library/Frameworks/Foundation.framework/Versions/C/Foundation
0x0000000023b3c000 	/System/Library/Frameworks/AppKit.framework/Versions/C/AppKit
0x0000000023b3c000 	/System/Library/Frameworks/CoreData.framework/Versions/A/CoreData
0x0000000023b3c000 	/System/Library/PrivateFrameworks/RemoteViewServices.framework/Versions/A/RemoteViewServices
0x0000000023b3c000 	/System/Library/PrivateFrameworks/UIFoundation.framework/Versions/A/UIFoundation
0x0000000023b3c000 	/System/Library/PrivateFrameworks/XCTTargetBootstrap.framework/Versions/A/XCTTargetBootstrap
0x0000000023b3c000 	/System/Library/Frameworks/CoreDisplay.framework/Versions/A/CoreDisplay
0x0000000023b3c000 	/System/Library/PrivateFrameworks/IconServices.framework/Versions/A/IconServices
0x0000000023b3c000 	/System/Library/Frameworks/Metal.framework/Versions/A/Metal
0x0000000023b3c000 	/System/Library/PrivateFrameworks/DesktopServicesPriv.framework/Versions/A/DesktopServicesPriv
0x0000000023b3c000 	/usr/lib/libenergytrace.dylib
0x0000000023b3c000 	/System/Library/PrivateFrameworks/SkyLight.framework/Versions/A/SkyLight
0x0000000023b3c000 	/System/Library/Frameworks/CoreGraphics.framework/Versions/A/CoreGraphics
0x0000000023b3c000 	/System/Library/Frameworks/Accelerate.framework/Versions/A/Accelerate
0x0000000023b3c000 	/System/Library/Frameworks/IOSurface.framework/Versions/A/IOSurface
0x0000000023b3c000 	/System/Library/PrivateFrameworks/DFRFoundation.framework/Versions/A/DFRFoundation
0x0000000023b3c000 	/System/Library/Frameworks/AudioToolbox.framework/Versions/A/AudioToolbox
0x0000000023b3c000 	/System/Library/Frameworks/AudioUnit.framework/Versions/A/AudioUnit
0x0000000023b3c000 	/System/Library/PrivateFrameworks/DataDetectorsCore.framework/Versions/A/DataDetectorsCore
0x0000000023b3c000 	/System/Library/Frameworks/Carbon.framework/Versions/A/Frameworks/HIToolbox.framework/Versions/A/HIToolbox
0x0000000023b3c000 	/usr/lib/libicucore.A.dylib
0x0000000023b3c000 	/System/Library/Frameworks/QuartzCore.framework/Versions/A/QuartzCore
0x0000000023b3c000 	/System/Library/Frameworks/Carbon.framework/Versions/A/Frameworks/SpeechRecognition.framework/Versions/A/SpeechRecognition
0x0000000023b3c000 	/usr/lib/libauto.dylib
0x0000000023b3c000 	/usr/lib/libxml2.2.dylib
0x0000000023b3c000 	/System/Library/PrivateFrameworks/CoreUI.framework/Versions/A/CoreUI
0x0000000023b3c000 	/System/Library/Frameworks/CoreAudio.framework/Versions/A/CoreAudio
0x0000000023b3c000 	/System/Library/Frameworks/DiskArbitration.framework/Versions/A/DiskArbitration
0x0000000023b3c000 	/usr/lib/liblangid.dylib
0x0000000023b3c000 	/System/Library/PrivateFrameworks/MultitouchSupport.framework/Versions/A/MultitouchSupport
0x0000000023b3c000 	/System/Library/Frameworks/IOKit.framework/Versions/A/IOKit
0x0000000023b3c000 	/usr/lib/libDiagnosticMessagesClient.dylib
0x0000000023b3c000 	/System/Library/Frameworks/CoreServices.framework/Versions/A/CoreServices
0x0000000023b3c000 	/System/Library/PrivateFrameworks/PerformanceAnalysis.framework/Versions/A/PerformanceAnalysis
0x0000000023b3c000 	/System/Library/Frameworks/OpenGL.framework/Versions/A/OpenGL
0x0000000023b3c000 	/System/Library/Frameworks/ColorSync.framework/Versions/A/ColorSync
0x0000000023b3c000 	/System/Library/Frameworks/CoreImage.framework/Versions/A/CoreImage
0x0000000023b3c000 	/System/Library/Frameworks/CoreText.framework/Versions/A/CoreText
0x0000000023b3c000 	/System/Library/Frameworks/ImageIO.framework/Versions/A/ImageIO
0x0000000023b3c000 	/System/Library/PrivateFrameworks/Backup.framework/Versions/A/Backup
0x0000000023b3c000 	/usr/lib/libarchive.2.dylib
0x0000000023b3c000 	/System/Library/Frameworks/CFNetwork.framework/Versions/A/CFNetwork
0x0000000023b3c000 	/System/Library/Frameworks/SystemConfiguration.framework/Versions/A/SystemConfiguration
0x0000000023b3c000 	/usr/lib/libCRFSuite.dylib
0x0000000023b3c000 	/usr/lib/libc++.1.dylib
0x0000000023b3c000 	/usr/lib/libc++abi.dylib
0x0000000023b3c000 	/usr/lib/system/libcache.dylib
0x0000000023b3c000 	/usr/lib/system/libcommonCrypto.dylib
0x0000000023b3c000 	/usr/lib/system/libcompiler_rt.dylib
0x0000000023b3c000 	/usr/lib/system/libcopyfile.dylib
0x0000000023b3c000 	/usr/lib/system/libcorecrypto.dylib
0x0000000023b3c000 	/usr/lib/system/libdispatch.dylib
0x0000000023b3c000 	/usr/lib/system/libdyld.dylib
0x0000000023b3c000 	/usr/lib/system/libkeymgr.dylib
0x0000000023b3c000 	/usr/lib/system/liblaunch.dylib
0x0000000023b3c000 	/usr/lib/system/libmacho.dylib
0x0000000023b3c000 	/usr/lib/system/libquarantine.dylib
0x0000000023b3c000 	/usr/lib/system/libremovefile.dylib
0x0000000023b3c000 	/usr/lib/system/libsystem_asl.dylib
0x0000000023b3c000 	/usr/lib/system/libsystem_blocks.dylib
0x0000000023b3c000 	/usr/lib/system/libsystem_c.dylib
0x0000000023b3c000 	/usr/lib/system/libsystem_configuration.dylib
0x0000000023b3c000 	/usr/lib/system/libsystem_coreservices.dylib
0x0000000023b3c000 	/usr/lib/system/libsystem_darwin.dylib
0x0000000023b3c000 	/usr/lib/system/libsystem_dnssd.dylib
0x0000000023b3c000 	/usr/lib/system/libsystem_info.dylib
0x0000000023b3c000 	/usr/lib/system/libsystem_m.dylib
0x0000000023b3c000 	/usr/lib/system/libsystem_malloc.dylib
0x0000000023b3c000 	/usr/lib/system/libsystem_networkextension.dylib
0x0000000023b3c000 	/usr/lib/system/libsystem_notify.dylib
0x0000000023b3c000 	/usr/lib/system/libsystem_sandbox.dylib
0x0000000023b3c000 	/usr/lib/system/libsystem_secinit.dylib
0x0000000023b3c000 	/usr/lib/system/libsystem_kernel.dylib
0x0000000023b3c000 	/usr/lib/system/libsystem_platform.dylib
0x0000000023b3c000 	/usr/lib/system/libsystem_pthread.dylib
0x0000000023b3c000 	/usr/lib/system/libsystem_symptoms.dylib
0x0000000023b3c000 	/usr/lib/system/libsystem_trace.dylib
0x0000000023b3c000 	/usr/lib/system/libunwind.dylib
0x0000000023b3c000 	/usr/lib/system/libxpc.dylib
0x0000000023b3c000 	/usr/lib/libbsm.0.dylib
0x0000000023b3c000 	/usr/lib/system/libkxld.dylib
0x0000000023b3c000 	/System/Library/PrivateFrameworks/AppleFSCompression.framework/Versions/A/AppleFSCompression
0x0000000023b3c000 	/usr/lib/libOpenScriptingUtil.dylib
0x0000000023b3c000 	/usr/lib/libcoretls.dylib
0x0000000023b3c000 	/usr/lib/libcoretls_cfhelpers.dylib
0x0000000023b3c000 	/usr/lib/libpam.2.dylib
0x0000000023b3c000 	/usr/lib/libsqlite3.dylib
0x0000000023b3c000 	/usr/lib/libxar.1.dylib
0x0000000023b3c000 	/usr/lib/libbz2.1.0.dylib
0x0000000023b3c000 	/usr/lib/liblzma.5.dylib
0x0000000023b3c000 	/usr/lib/libnetwork.dylib
0x0000000023b3c000 	/usr/lib/libapple_nghttp2.dylib
0x0000000023b3c000 	/usr/lib/libpcap.A.dylib
0x0000000023b3c000 	/System/Library/Frameworks/CoreServices.framework/Versions/A/Frameworks/FSEvents.framework/Versions/A/FSEvents
0x0000000023b3c000 	/System/Library/Frameworks/CoreServices.framework/Versions/A/Frameworks/CarbonCore.framework/Versions/A/CarbonCore
0x0000000023b3c000 	/System/Library/Frameworks/CoreServices.framework/Versions/A/Frameworks/Metadata.framework/Versions/A/Metadata
0x0000000023b3c000 	/System/Library/Frameworks/CoreServices.framework/Versions/A/Frameworks/OSServices.framework/Versions/A/OSServices
0x0000000023b3c000 	/System/Library/Frameworks/CoreServices.framework/Versions/A/Frameworks/SearchKit.framework/Versions/A/SearchKit
0x0000000023b3c000 	/System/Library/Frameworks/CoreServices.framework/Versions/A/Frameworks/AE.framework/Versions/A/AE
0x0000000023b3c000 	/System/Library/Frameworks/CoreServices.framework/Versions/A/Frameworks/LaunchServices.framework/Versions/A/LaunchServices
0x0000000023b3c000 	/System/Library/Frameworks/CoreServices.framework/Versions/A/Frameworks/DictionaryServices.framework/Versions/A/DictionaryServices
0x0000000023b3c000 	/System/Library/Frameworks/CoreServices.framework/Versions/A/Frameworks/SharedFileList.framework/Versions/A/SharedFileList
0x0000000023b3c000 	/System/Library/Frameworks/NetFS.framework/Versions/A/NetFS
0x0000000023b3c000 	/System/Library/PrivateFrameworks/NetAuth.framework/Versions/A/NetAuth
0x0000000023b3c000 	/System/Library/PrivateFrameworks/login.framework/Versions/A/Frameworks/loginsupport.framework/Versions/A/loginsupport
0x0000000023b3c000 	/System/Library/PrivateFrameworks/TCC.framework/Versions/A/TCC
0x0000000023b3c000 	/System/Library/PrivateFrameworks/CoreNLP.framework/Versions/A/CoreNLP
0x0000000023b3c000 	/System/Library/PrivateFrameworks/MetadataUtilities.framework/Versions/A/MetadataUtilities
0x0000000023b3c000 	/usr/lib/libmecabra.dylib
0x0000000023b3c000 	/System/Library/Frameworks/ApplicationServices.framework/Versions/A/Frameworks/ATS.framework/Versions/A/ATS
0x0000000023b3c000 	/System/Library/Frameworks/ApplicationServices.framework/Versions/A/Frameworks/ColorSyncLegacy.framework/Versions/A/ColorSyncLegacy
0x0000000023b3c000 	/System/Library/Frameworks/ApplicationServices.framework/Versions/A/Frameworks/HIServices.framework/Versions/A/HIServices
0x0000000023b3c000 	/System/Library/Frameworks/ApplicationServices.framework/Versions/A/Frameworks/LangAnalysis.framework/Versions/A/LangAnalysis
0x0000000023b3c000 	/System/Library/Frameworks/ApplicationServices.framework/Versions/A/Frameworks/PrintCore.framework/Versions/A/PrintCore
0x0000000023b3c000 	/System/Library/Frameworks/ApplicationServices.framework/Versions/A/Frameworks/QD.framework/Versions/A/QD
0x0000000023b3c000 	/System/Library/Frameworks/ApplicationServices.framework/Versions/A/Frameworks/SpeechSynthesis.framework/Versions/A/SpeechSynthesis
0x0000000023b3c000 	/usr/lib/libcompression.dylib
0x0000000023b3c000 	/System/Library/Frameworks/MetalPerformanceShaders.framework/Versions/A/MetalPerformanceShaders
0x0000000023b3c000 	/System/Library/Frameworks/Accelerate.framework/Versions/A/Frameworks/vImage.framework/Versions/A/vImage
0x0000000023b3c000 	/System/Library/Frameworks/Accelerate.framework/Versions/A/Frameworks/vecLib.framework/Versions/A/vecLib
0x0000000023b3c000 	/System/Library/Frameworks/Accelerate.framework/Versions/A/Frameworks/vecLib.framework/Versions/A/libvMisc.dylib
0x0000000023b3c000 	/System/Library/Frameworks/Accelerate.framework/Versions/A/Frameworks/vecLib.framework/Versions/A/libvDSP.dylib
0x0000000023b3c000 	/System/Library/Frameworks/Accelerate.framework/Versions/A/Frameworks/vecLib.framework/Versions/A/libBLAS.dylib
0x0000000023b3c000 	/System/Library/Frameworks/Accelerate.framework/Versions/A/Frameworks/vecLib.framework/Versions/A/libLAPACK.dylib
0x0000000023b3c000 	/System/Library/Frameworks/Accelerate.framework/Versions/A/Frameworks/vecLib.framework/Versions/A/libLinearAlgebra.dylib
0x0000000023b3c000 	/System/Library/Frameworks/Accelerate.framework/Versions/A/Frameworks/vecLib.framework/Versions/A/libSparseBLAS.dylib
0x0000000023b3c000 	/System/Library/Frameworks/Accelerate.framework/Versions/A/Frameworks/vecLib.framework/Versions/A/libQuadrature.dylib
0x0000000023b3c000 	/System/Library/Frameworks/Accelerate.framework/Versions/A/Frameworks/vecLib.framework/Versions/A/libBNNS.dylib
0x0000000023b3c000 	/System/Library/Frameworks/Accelerate.framework/Versions/A/Frameworks/vecLib.framework/Versions/A/libSparse.dylib
0x0000000023b3c000 	/System/Library/PrivateFrameworks/GPUWrangler.framework/Versions/A/GPUWrangler
0x0000000023b3c000 	/System/Library/PrivateFrameworks/IOAccelerator.framework/Versions/A/IOAccelerator
0x0000000023b3c000 	/System/Library/PrivateFrameworks/IOPresentment.framework/Versions/A/IOPresentment
0x0000000023b3c000 	/System/Library/PrivateFrameworks/DSExternalDisplay.framework/Versions/A/DSExternalDisplay
0x0000000023b3c000 	/System/Library/Frameworks/OpenGL.framework/Versions/A/Libraries/libCoreFSCache.dylib
0x0000000023b3c000 	/System/Library/Frameworks/MetalPerformanceShaders.framework/Frameworks/MPSCore.framework/Versions/A/MPSCore
0x0000000023b3c000 	/System/Library/Frameworks/MetalPerformanceShaders.framework/Frameworks/MPSImage.framework/Versions/A/MPSImage
0x0000000023b3c000 	/System/Library/Frameworks/MetalPerformanceShaders.framework/Frameworks/MPSNeuralNetwork.framework/Versions/A/MPSNeuralNetwork
0x0000000023b3c000 	/System/Library/Frameworks/MetalPerformanceShaders.framework/Frameworks/MPSMatrix.framework/Versions/A/MPSMatrix
0x0000000023b3c000 	/System/Library/Frameworks/MetalPerformanceShaders.framework/Frameworks/MPSRayIntersector.framework/Versions/A/MPSRayIntersector
0x0000000023b3c000 	/System/Library/PrivateFrameworks/MetalTools.framework/Versions/A/MetalTools
0x0000000023b3c000 	/System/Library/PrivateFrameworks/AggregateDictionary.framework/Versions/A/AggregateDictionary
0x0000000023b3c000 	/usr/lib/libMobileGestalt.dylib
0x0000000023b3c000 	/System/Library/Frameworks/CoreVideo.framework/Versions/A/CoreVideo
0x0000000023b3c000 	/System/Library/PrivateFrameworks/GraphVisualizer.framework/Versions/A/GraphVisualizer
0x0000000023b3c000 	/System/Library/PrivateFrameworks/FaceCore.framework/Versions/A/FaceCore
0x0000000023b3c000 	/System/Library/Frameworks/OpenCL.framework/Versions/A/OpenCL
0x0000000023b3c000 	/usr/lib/libFosl_dynamic.dylib
0x0000000023b3c000 	/System/Library/PrivateFrameworks/OTSVG.framework/Versions/A/OTSVG
0x0000000023b3c000 	/System/Library/Frameworks/ApplicationServices.framework/Versions/A/Frameworks/ATS.framework/Versions/A/Resources/libFontParser.dylib
0x0000000023b3c000 	/System/Library/Frameworks/ApplicationServices.framework/Versions/A/Frameworks/ATS.framework/Versions/A/Resources/libFontRegistry.dylib
0x0000000023b3c000 	/System/Library/Frameworks/ImageIO.framework/Versions/A/Resources/libJPEG.dylib
0x0000000023b3c000 	/System/Library/Frameworks/ImageIO.framework/Versions/A/Resources/libTIFF.dylib
0x0000000023b3c000 	/System/Library/Frameworks/ImageIO.framework/Versions/A/Resources/libPng.dylib
0x0000000023b3c000 	/System/Library/Frameworks/ImageIO.framework/Versions/A/Resources/libGIF.dylib
0x0000000023b3c000 	/System/Library/Frameworks/ImageIO.framework/Versions/A/Resources/libJP2.dylib
0x0000000023b3c000 	/System/Library/Frameworks/ImageIO.framework/Versions/A/Resources/libRadiance.dylib
0x0000000023b3c000 	/System/Library/PrivateFrameworks/AppleJPEG.framework/Versions/A/AppleJPEG
0x0000000023b3c000 	/System/Library/Frameworks/OpenGL.framework/Versions/A/Libraries/libGFXShared.dylib
0x0000000023b3c000 	/System/Library/Frameworks/OpenGL.framework/Versions/A/Libraries/libGLU.dylib
0x0000000023b3c000 	/System/Library/Frameworks/OpenGL.framework/Versions/A/Libraries/libGL.dylib
0x0000000023b3c000 	/System/Library/Frameworks/OpenGL.framework/Versions/A/Libraries/libGLImage.dylib
0x0000000023b3c000 	/System/Library/Frameworks/OpenGL.framework/Versions/A/Libraries/libCVMSPluginSupport.dylib
0x0000000023b3c000 	/System/Library/Frameworks/OpenGL.framework/Versions/A/Libraries/libCoreVMClient.dylib
0x0000000023b3c000 	/usr/lib/libcups.2.dylib
0x0000000023b3c000 	/System/Library/Frameworks/Kerberos.framework/Versions/A/Kerberos
0x0000000023b3c000 	/System/Library/Frameworks/GSS.framework/Versions/A/GSS
0x0000000023b3c000 	/usr/lib/libresolv.9.dylib
0x0000000023b3c000 	/usr/lib/libiconv.2.dylib
0x0000000023b3c000 	/System/Library/PrivateFrameworks/Heimdal.framework/Versions/A/Heimdal
0x0000000023b3c000 	/usr/lib/libheimdal-asn1.dylib
0x0000000023b3c000 	/System/Library/Frameworks/OpenDirectory.framework/Versions/A/OpenDirectory
0x0000000023b3c000 	/System/Library/PrivateFrameworks/CommonAuth.framework/Versions/A/CommonAuth
0x0000000023b3c000 	/System/Library/Frameworks/OpenDirectory.framework/Versions/A/Frameworks/CFOpenDirectory.framework/Versions/A/CFOpenDirectory
0x0000000023b3c000 	/System/Library/Frameworks/SecurityFoundation.framework/Versions/A/SecurityFoundation
0x0000000023b3c000 	/System/Library/PrivateFrameworks/APFS.framework/Versions/A/APFS
0x0000000023b3c000 	/usr/lib/libutil.dylib
0x0000000023b3c000 	/usr/lib/libcharset.1.dylib
0x0000000023b3c000 	/System/Library/PrivateFrameworks/AppleSauce.framework/Versions/A/AppleSauce
0x0000000023b3c000 	/System/Library/PrivateFrameworks/AssertionServices.framework/Versions/A/AssertionServices
0x0000000023b3c000 	/System/Library/PrivateFrameworks/BaseBoard.framework/Versions/A/BaseBoard
0x0000000023b3c000 	/usr/lib/libmecab.1.0.0.dylib
0x0000000023b3c000 	/usr/lib/libgermantok.dylib
0x0000000023b3c000 	/usr/lib/libThaiTokenizer.dylib
0x0000000023b3c000 	/usr/lib/libChineseTokenizer.dylib
0x0000000023b3c000 	/System/Library/PrivateFrameworks/LanguageModeling.framework/Versions/A/LanguageModeling
0x0000000023b3c000 	/System/Library/PrivateFrameworks/CoreEmoji.framework/Versions/A/CoreEmoji
0x0000000023b3c000 	/System/Library/PrivateFrameworks/Lexicon.framework/Versions/A/Lexicon
0x0000000023b3c000 	/System/Library/PrivateFrameworks/LinguisticData.framework/Versions/A/LinguisticData
0x0000000023b3c000 	/usr/lib/libcmph.dylib
0x0000000023b3c000 	/System/Library/Frameworks/ServiceManagement.framework/Versions/A/ServiceManagement
0x0000000023b3c000 	/System/Library/PrivateFrameworks/BackgroundTaskManagement.framework/Versions/A/BackgroundTaskManagement
0x0000000023b3c000 	/usr/lib/libxslt.1.dylib
0x0000000023b3c000 	/System/Library/Frameworks/Carbon.framework/Versions/A/Frameworks/Ink.framework/Versions/A/Ink
0x0000000023b3c000 	/System/Library/PrivateFrameworks/TextureIO.framework/Versions/A/TextureIO
0x0000000023b3c000 	/usr/lib/libate.dylib
0x0000000023b3c000 	/System/Library/PrivateFrameworks/CrashReporterSupport.framework/Versions/A/CrashReporterSupport
0x0000000023b3c000 	/System/Library/PrivateFrameworks/Sharing.framework/Versions/A/Sharing
0x0000000023b3c000 	/System/Library/PrivateFrameworks/AuthKit.framework/Versions/A/AuthKit
0x0000000023b3c000 	/System/Library/PrivateFrameworks/Apple80211.framework/Versions/A/Apple80211
0x0000000023b3c000 	/System/Library/PrivateFrameworks/CoreUtils.framework/Versions/A/CoreUtils
0x0000000023b3c000 	/System/Library/Frameworks/CoreWLAN.framework/Versions/A/CoreWLAN
0x0000000023b3c000 	/System/Library/Frameworks/IOBluetooth.framework/Versions/A/IOBluetooth
0x0000000023b3c000 	/System/Library/PrivateFrameworks/ProtocolBuffer.framework/Versions/A/ProtocolBuffer
0x0000000023b3c000 	/System/Library/PrivateFrameworks/MobileKeyBag.framework/Versions/A/MobileKeyBag
0x0000000023b3c000 	/System/Library/PrivateFrameworks/CorePhoneNumbers.framework/Versions/A/CorePhoneNumbers
0x0000000023b3c000 	/System/Library/PrivateFrameworks/AppleIDAuthSupport.framework/Versions/A/AppleIDAuthSupport
0x0000000023b3c000 	/System/Library/PrivateFrameworks/KeychainCircle.framework/Versions/A/KeychainCircle
0x0000000023b3c000 	/System/Library/PrivateFrameworks/ROCKit.framework/Versions/A/ROCKit
0x0000000023b3c000 	/System/Library/PrivateFrameworks/CoreWiFi.framework/Versions/A/CoreWiFi
0x0000000023b3c000 	/System/Library/Frameworks/CoreBluetooth.framework/Versions/A/CoreBluetooth
0x0000000023b3c000 	/System/Library/PrivateFrameworks/DebugSymbols.framework/Versions/A/DebugSymbols
0x0000000023b3c000 	/System/Library/PrivateFrameworks/CoreSymbolication.framework/Versions/A/CoreSymbolication
0x0000000023b3c000 	/System/Library/PrivateFrameworks/Symbolication.framework/Versions/A/Symbolication
0x0000000023b3c000 	/System/Library/PrivateFrameworks/SpeechRecognitionCore.framework/Versions/A/SpeechRecognitionCore
0x0000000101000000 	/Library/Java/JavaVirtualMachines/jdk1.8.0_141.jdk/Contents/Home/jre/lib/server/libjvm.dylib
0x0000000023b3c000 	/usr/lib/libstdc++.6.dylib
0x00000001006c5000 	/Library/Java/JavaVirtualMachines/jdk1.8.0_141.jdk/Contents/Home/jre/lib/libverify.dylib
0x00000001006d3000 	/Library/Java/JavaVirtualMachines/jdk1.8.0_141.jdk/Contents/Home/jre/lib/libjava.dylib
0x0000000100752000 	/Library/Java/JavaVirtualMachines/jdk1.8.0_141.jdk/Contents/Home/jre/lib/libzip.dylib
0x0000000023b3c000 	/System/Library/Frameworks/JavaVM.framework/Versions/A/Frameworks/JavaRuntimeSupport.framework/Versions/A/JavaRuntimeSupport
0x0000000023b3c000 	/System/Library/Frameworks/JavaVM.framework/Versions/A/Frameworks/JavaNativeFoundation.framework/Versions/A/JavaNativeFoundation
0x0000000023b3c000 	/System/Library/Frameworks/JavaVM.framework/Versions/A/JavaVM
0x0000000023b3c000 	/System/Library/Frameworks/Carbon.framework/Versions/A/Carbon
0x0000000023b3c000 	/System/Library/PrivateFrameworks/JavaLaunching.framework/Versions/A/JavaLaunching
0x0000000023b3c000 	/System/Library/Frameworks/Carbon.framework/Versions/A/Frameworks/CommonPanels.framework/Versions/A/CommonPanels
0x0000000023b3c000 	/System/Library/Frameworks/Carbon.framework/Versions/A/Frameworks/Help.framework/Versions/A/Help
0x0000000023b3c000 	/System/Library/Frameworks/Carbon.framework/Versions/A/Frameworks/ImageCapture.framework/Versions/A/ImageCapture
0x0000000023b3c000 	/System/Library/Frameworks/Carbon.framework/Versions/A/Frameworks/OpenScripting.framework/Versions/A/OpenScripting
0x0000000023b3c000 	/System/Library/Frameworks/Carbon.framework/Versions/A/Frameworks/Print.framework/Versions/A/Print
0x0000000023b3c000 	/System/Library/Frameworks/Carbon.framework/Versions/A/Frameworks/SecurityHI.framework/Versions/A/SecurityHI
0x000000010a375000 	/Library/Java/JavaVirtualMachines/jdk1.8.0_141.jdk/Contents/Home/jre/lib/libmanagement.dylib
0x000000010a4ec000 	/Library/Java/JavaVirtualMachines/jdk1.8.0_141.jdk/Contents/Home/jre/lib/libnet.dylib
0x000000010a54b000 	/Library/Java/JavaVirtualMachines/jdk1.8.0_141.jdk/Contents/Home/jre/lib/libnio.dylib

VM Arguments:
java_command: DropWizardExample-0.0.1-SNAPSHOT.jar server
java_class_path (initial): DropWizardExample-0.0.1-SNAPSHOT.jar
Launcher Type: SUN_STANDARD

Environment Variables:
PATH=/usr/local/bin:/usr/bin:/bin:/usr/sbin:/sbin:/Library/TeX/texbin
SHELL=/bin/bash

Signal Handlers:
SIGSEGV: [libjvm.dylib+0x5b26e5], sa_mask[0]=11111111011111110111111111111111, sa_flags=SA_ONSTACK|SA_RESTART|SA_SIGINFO
SIGBUS: [libjvm.dylib+0x5b26e5], sa_mask[0]=11111111011111110111111111111111, sa_flags=SA_RESTART|SA_SIGINFO
SIGFPE: [libjvm.dylib+0x489100], sa_mask[0]=11111111011111110111111111111111, sa_flags=SA_RESTART|SA_SIGINFO
SIGPIPE: [libjvm.dylib+0x489100], sa_mask[0]=11111111011111110111111111111111, sa_flags=SA_RESTART|SA_SIGINFO
SIGXFSZ: [libjvm.dylib+0x489100], sa_mask[0]=11111111011111110111111111111111, sa_flags=SA_RESTART|SA_SIGINFO
SIGILL: [libjvm.dylib+0x489100], sa_mask[0]=11111111011111110111111111111111, sa_flags=SA_RESTART|SA_SIGINFO
SIGUSR1: SIG_DFL, sa_mask[0]=11011111011111100000000111000110, sa_flags=none
SIGUSR2: [libjvm.dylib+0x488c1e], sa_mask[0]=00000000000000000000000000000000, sa_flags=SA_RESTART|SA_SIGINFO
SIGHUP: [libjvm.dylib+0x4871f5], sa_mask[0]=11111111011111110111111111111111, sa_flags=SA_RESTART|SA_SIGINFO
SIGINT: [libjvm.dylib+0x4871f5], sa_mask[0]=11111111011111110111111111111111, sa_flags=SA_RESTART|SA_SIGINFO
SIGTERM: [libjvm.dylib+0x4871f5], sa_mask[0]=11111111011111110111111111111111, sa_flags=SA_RESTART|SA_SIGINFO
SIGQUIT: [libjvm.dylib+0x4871f5], sa_mask[0]=11111111011111110111111111111111, sa_flags=SA_RESTART|SA_SIGINFO


---------------  S Y S T E M  ---------------

OS:Bsduname:Darwin 18.6.0 Darwin Kernel Version 18.6.0: Thu Apr 25 23:16:27 PDT 2019; root:xnu-4903.261.4~2/RELEASE_X86_64 x86_64
rlimit: STACK 8192k, CORE 0k, NPROC 709, NOFILE 10240, AS infinity
load average:3.04 2.37 2.09

CPU:total 4 (initial active 4) (2 cores per cpu, 2 threads per core) family 6 model 61 stepping 4, cmov, cx8, fxsr, mmx, sse, sse2, sse3, ssse3, sse4.1, sse4.2, popcnt, avx, avx2, aes, clmul, erms, 3dnowpref, lzcnt, ht, tsc, tscinvbit, bmi1, bmi2, adx

Memory: 4k page, physical 8388608k(329808k free)

/proc/meminfo:


vm_info: Java HotSpot(TM) 64-Bit Server VM (25.141-b15) for bsd-amd64 JRE (1.8.0_141-b15), built on Jul 12 2017 04:35:23 by "java_re" with gcc 4.2.1 (Based on Apple Inc. build 5658) (LLVM build 2336.11.00)

time: Sat Oct 19 22:16:01 2019
elapsed time: 493 seconds (0d 0h 8m 13s)

